<?xml version="1.0" encoding="UTF-8"?>
<!-- Generated by org.testng.reporters.JUnitXMLReporter -->
<testsuite ignored="0" hostname="DESKTOP-3689HFM" failures="0" tests="14" name="Test" time="88.6" errors="0" timestamp="2023-09-26T12:38:03 IST">
  <testcase classname="testcases.VerifyProductsAreDisplayedOnTheHomePage" name="imageAreDisplayedOrNot" time="0.111"/>
  <testcase classname="testcases.VerifySearchFuntioanlityOnHomePage" name="FailedTestcase_matchingSearchedProduct" time="0.514"/>
  <testcase classname="testcases.VerifySearchFuntioanlityOnHomePage" name="matchingSearchedProduct" time="0.83"/>
  <testcase classname="testcases.VerifyProductImagePriceAndAddToCartButtonAreDisplayedForEachProduct" name="verifyAllElements" time="0.964"/>
  <testcase classname="testcases.VerifyAddToCartFuntionality" name="AddToCart" time="0.743"/>
  <testcase classname="testcases.VerifyProductDetailsInMiniBasket" name="checkDetailsInMiniBasket" time="0.99"/>
  <testcase classname="testcases.VerifyProductDetailsInCheckoutPage" name="checkoutPage" time="1.445"/>
  <testcase classname="testcases.VerifyOrderCannotBePlacedWithoutSelectingTermsAndConditions" name="FailingTestCase_notSelectTermsAndCondition" time="1.877"/>
  <testcase classname="testcases.VerifyOrderCannotBePlacedWithoutSelectingTermsAndConditions" name="selectTermsAndCondition" time="1.927"/>
  <testcase classname="testcases.VerifyUserCanNavigateToTermsAndConditionsPage" name="NavigateToTermsAndConditionsPage" time="2.399"/>
  <testcase classname="testcases.VerifySingleItemOrderType" name="VerifySingleLineMultiQtyOrder" time="1.799"/>
  <testcase classname="testcases.VerifySingleItemOrderType" name="VerifySingleLineOrder" time="1.672"/>
  <testcase classname="testcases.VerifyMultipleItemOrderType" name="VerifyMultiLIneOrder" time="1.719"/>
  <testcase classname="testcases.VerifyMultipleItemOrderType" name="VerifyMultiLineMultiQtyOrder" time="2.226"/>
</testsuite> <!-- Test -->
