<?xml version="1.0" encoding="UTF-8"?>
<testsuite xmlns:xsi="http://www.w3.org/2001/XMLSchema-instance" xsi:noNamespaceSchemaLocation="https://maven.apache.org/surefire/maven-surefire-plugin/xsd/surefire-test-report-3.0.xsd" version="3.0" name="TestSuite" time="107.352" tests="14" errors="0" skipped="0" failures="1">
  <properties>
[...]
</properties>
  <testcase name="imageAreDisplayedOrNot" classname="testcases.VerifyProductsAreDisplayedOnTheHomePage" time="0.149">
    <system-out><![CDATA[2023-09-26 15:47:05.293 [main] INFO  testcases.VerifyProductsAreDisplayedOnTheHomePage - ----- Verifying the product is displayed on homepage or not -----
2023-09-26 15:47:05.438 [main] INFO  testcases.VerifyProductsAreDisplayedOnTheHomePage - Brocolli image is visible.
2023-09-26 15:47:05.438 [main] INFO  testcases.VerifyProductsAreDisplayedOnTheHomePage - ----- Verifying the brocolli image  is displayed visible -----
]]></system-out>
    <system-err><![CDATA[SLF4J: No SLF4J providers were found.
SLF4J: Defaulting to no-operation (NOP) logger implementation
SLF4J: See https://www.slf4j.org/codes.html#noProviders for further details.
Sep 26, 2023 3:47:02 PM org.openqa.selenium.devtools.CdpVersionFinder findNearestMatch
WARNING: Unable to find an exact match for CDP version 117, so returning the closest version found: 115
]]></system-err>
  </testcase>
  <testcase name="FailedTestcase_matchingSearchedProduct" classname="testcases.VerifySearchFuntioanlityOnHomePage" time="10.843">
    <failure message="no such element: Unable to locate element: {&quot;method&quot;:&quot;xpath&quot;,&quot;selector&quot;:&quot;//h4[text()=&apos;Cucumber - 1 Kg&apos;]&quot;}&#10;  (Session info: chrome=117.0.5938.92)&#10;For documentation on this error, please visit: https://www.selenium.dev/documentation/webdriver/troubleshooting/errors#no-such-element-exception&#10;Build info: version: &apos;4.11.0&apos;, revision: &apos;040bc5406b&apos;&#10;System info: os.name: &apos;Windows 11&apos;, os.arch: &apos;amd64&apos;, os.version: &apos;10.0&apos;, java.version: &apos;17.0.8.1&apos;&#10;Driver info: org.openqa.selenium.chrome.ChromeDriver&#10;Command: [635cb4fb023424d5e1b431a9f6a35b0b, findElement {using=xpath, value=//h4[text()=&apos;Cucumber - 1 Kg&apos;]}]&#10;Capabilities {acceptInsecureCerts: false, browserName: chrome, browserVersion: 117.0.5938.92, chrome: {chromedriverVersion: 117.0.5938.92 (67649b10b92b..., userDataDir: C:\Users\Kumar\AppData\Loca...}, fedcm:accounts: true, goog:chromeOptions: {debuggerAddress: localhost:51178}, networkConnectionEnabled: false, pageLoadStrategy: normal, platformName: windows, proxy: Proxy(), se:cdp: ws://localhost:51178/devtoo..., se:cdpVersion: 117.0.5938.92, setWindowRect: true, strictFileInteractability: false, timeouts: {implicit: 0, pageLoad: 300000, script: 30000}, unhandledPromptBehavior: dismiss and notify, webauthn:extension:credBlob: true, webauthn:extension:largeBlob: true, webauthn:extension:minPinLength: true, webauthn:extension:prf: true, webauthn:virtualAuthenticators: true}&#10;Session ID: 635cb4fb023424d5e1b431a9f6a35b0b" type="org.openqa.selenium.NoSuchElementException"><![CDATA[org.openqa.selenium.NoSuchElementException: 
no such element: Unable to locate element: {"method":"xpath","selector":"//h4[text()='Cucumber - 1 Kg']"}
  (Session info: chrome=117.0.5938.92)
For documentation on this error, please visit: https://www.selenium.dev/documentation/webdriver/troubleshooting/errors#no-such-element-exception
Build info: version: '4.11.0', revision: '040bc5406b'
System info: os.name: 'Windows 11', os.arch: 'amd64', os.version: '10.0', java.version: '17.0.8.1'
Driver info: org.openqa.selenium.chrome.ChromeDriver
Command: [635cb4fb023424d5e1b431a9f6a35b0b, findElement {using=xpath, value=//h4[text()='Cucumber - 1 Kg']}]
Capabilities {acceptInsecureCerts: false, browserName: chrome, browserVersion: 117.0.5938.92, chrome: {chromedriverVersion: 117.0.5938.92 (67649b10b92b..., userDataDir: C:\Users\Kumar\AppData\Loca...}, fedcm:accounts: true, goog:chromeOptions: {debuggerAddress: localhost:51178}, networkConnectionEnabled: false, pageLoadStrategy: normal, platformName: windows, proxy: Proxy(), se:cdp: ws://localhost:51178/devtoo..., se:cdpVersion: 117.0.5938.92, setWindowRect: true, strictFileInteractability: false, timeouts: {implicit: 0, pageLoad: 300000, script: 30000}, unhandledPromptBehavior: dismiss and notify, webauthn:extension:credBlob: true, webauthn:extension:largeBlob: true, webauthn:extension:minPinLength: true, webauthn:extension:prf: true, webauthn:virtualAuthenticators: true}
Session ID: 635cb4fb023424d5e1b431a9f6a35b0b
	at testcases.VerifySearchFuntioanlityOnHomePage.FailedTestcase_matchingSearchedProduct(VerifySearchFuntioanlityOnHomePage.java:50)
]]></failure>
    <system-out><![CDATA[2023-09-26 15:47:05.446 [main] INFO  BasePackage.BasePage - Test case got passed
2023-09-26 15:47:05.447 [main] INFO  BasePackage.BasePage - __________________________________________________________________________________
2023-09-26 15:47:11.889 [main] INFO  testcases.VerifySearchFuntioanlityOnHomePage - -----(FailedTestcase) Verifying the search functionality -----
2023-09-26 15:47:11.904 [main] INFO  testcases.VerifySearchFuntioanlityOnHomePage - ----- Giving data to the searchbox for searching -----
]]></system-out>
    <system-err><![CDATA[log4j:WARN No appenders could be found for logger (freemarker.cache).
log4j:WARN Please initialize the log4j system properly.
log4j:WARN See http://logging.apache.org/log4j/1.2/faq.html#noconfig for more info.
Sep 26, 2023 3:47:09 PM org.openqa.selenium.devtools.CdpVersionFinder findNearestMatch
WARNING: Unable to find an exact match for CDP version 117, so returning the closest version found: 115
]]></system-err>
  </testcase>
  <testcase name="matchingSearchedProduct" classname="testcases.VerifySearchFuntioanlityOnHomePage" time="1.038">
    <system-out><![CDATA[org.openqa.selenium.NoSuchElementException: no such element: Unable to locate element: {"method":"xpath","selector":"//h4[text()='Cucumber - 1 Kg']"}
  (Session info: chrome=117.0.5938.92)
For documentation on this error, please visit: https://www.selenium.dev/documentation/webdriver/troubleshooting/errors#no-such-element-exception
Build info: version: '4.11.0', revision: '040bc5406b'
System info: os.name: 'Windows 11', os.arch: 'amd64', os.version: '10.0', java.version: '17.0.8.1'
Driver info: org.openqa.selenium.chrome.ChromeDriver
Command: [635cb4fb023424d5e1b431a9f6a35b0b, findElement {using=xpath, value=//h4[text()='Cucumber - 1 Kg']}]
Capabilities {acceptInsecureCerts: false, browserName: chrome, browserVersion: 117.0.5938.92, chrome: {chromedriverVersion: 117.0.5938.92 (67649b10b92b..., userDataDir: C:\Users\Kumar\AppData\Loca...}, fedcm:accounts: true, goog:chromeOptions: {debuggerAddress: localhost:51178}, networkConnectionEnabled: false, pageLoadStrategy: normal, platformName: windows, proxy: Proxy(), se:cdp: ws://localhost:51178/devtoo..., se:cdpVersion: 117.0.5938.92, setWindowRect: true, strictFileInteractability: false, timeouts: {implicit: 0, pageLoad: 300000, script: 30000}, unhandledPromptBehavior: dismiss and notify, webauthn:extension:credBlob: true, webauthn:extension:largeBlob: true, webauthn:extension:minPinLength: true, webauthn:extension:prf: true, webauthn:virtualAuthenticators: true}
Session ID: 635cb4fb023424d5e1b431a9f6a35b0b
	at java.base/jdk.internal.reflect.NativeConstructorAccessorImpl.newInstance0(Native Method)
	at java.base/jdk.internal.reflect.NativeConstructorAccessorImpl.newInstance(NativeConstructorAccessorImpl.java:77)
	at java.base/jdk.internal.reflect.DelegatingConstructorAccessorImpl.newInstance(DelegatingConstructorAccessorImpl.java:45)
	at java.base/java.lang.reflect.Constructor.newInstanceWithCaller(Constructor.java:499)
	at java.base/java.lang.reflect.Constructor.newInstance(Constructor.java:480)
	at org.openqa.selenium.remote.codec.w3c.W3CHttpResponseCodec.createException(W3CHttpResponseCodec.java:200)
	at org.openqa.selenium.remote.codec.w3c.W3CHttpResponseCodec.decode(W3CHttpResponseCodec.java:133)
	at org.openqa.selenium.remote.codec.w3c.W3CHttpResponseCodec.decode(W3CHttpResponseCodec.java:52)
	at org.openqa.selenium.remote.HttpCommandExecutor.execute(HttpCommandExecutor.java:191)
	at org.openqa.selenium.remote.service.DriverCommandExecutor.invokeExecute(DriverCommandExecutor.java:196)
	at org.openqa.selenium.remote.service.DriverCommandExecutor.execute(DriverCommandExecutor.java:171)
	at org.openqa.selenium.remote.RemoteWebDriver.execute(RemoteWebDriver.java:518)
	at org.openqa.selenium.remote.ElementLocation$ElementFinder$2.findElement(ElementLocation.java:165)
	at org.openqa.selenium.remote.ElementLocation.findElement(ElementLocation.java:59)
	at org.openqa.selenium.remote.RemoteWebDriver.findElement(RemoteWebDriver.java:355)
	at org.openqa.selenium.remote.RemoteWebDriver.findElement(RemoteWebDriver.java:349)
	at org.openqa.selenium.support.pagefactory.DefaultElementLocator.findElement(DefaultElementLocator.java:68)
	at org.openqa.selenium.support.pagefactory.internal.LocatingElementHandler.invoke(LocatingElementHandler.java:38)
	at jdk.proxy2/jdk.proxy2.$Proxy28.getText(Unknown Source)
	at Pages.HomePage.dispalyCucumberText(HomePage.java:86)
	at Pages.HomePage.isTextContains(HomePage.java:175)
	at testcases.VerifySearchFuntioanlityOnHomePage.FailedTestcase_matchingSearchedProduct(VerifySearchFuntioanlityOnHomePage.java:50)
	at java.base/jdk.internal.reflect.NativeMethodAccessorImpl.invoke0(Native Method)
	at java.base/jdk.internal.reflect.NativeMethodAccessorImpl.invoke(NativeMethodAccessorImpl.java:77)
	at java.base/jdk.internal.reflect.DelegatingMethodAccessorImpl.invoke(DelegatingMethodAccessorImpl.java:43)
	at java.base/java.lang.reflect.Method.invoke(Method.java:568)
	at org.testng.internal.MethodInvocationHelper.invokeMethod(MethodInvocationHelper.java:134)
	at org.testng.internal.TestInvoker.invokeMethod(TestInvoker.java:597)
	at org.testng.internal.TestInvoker.invokeTestMethod(TestInvoker.java:173)
	at org.testng.internal.MethodRunner.runInSequence(MethodRunner.java:46)
	at org.testng.internal.TestInvoker$MethodInvocationAgent.invoke(TestInvoker.java:816)
	at org.testng.internal.TestInvoker.invokeTestMethods(TestInvoker.java:146)
	at org.testng.internal.TestMethodWorker.invokeTestMethods(TestMethodWorker.java:146)
	at org.testng.internal.TestMethodWorker.run(TestMethodWorker.java:128)
	at java.base/java.util.ArrayList.forEach(ArrayList.java:1511)
	at org.testng.TestRunner.privateRun(TestRunner.java:766)
	at org.testng.TestRunner.run(TestRunner.java:587)
	at org.testng.SuiteRunner.runTest(SuiteRunner.java:384)
	at org.testng.SuiteRunner.runSequentially(SuiteRunner.java:378)
	at org.testng.SuiteRunner.privateRun(SuiteRunner.java:337)
	at org.testng.SuiteRunner.run(SuiteRunner.java:286)
	at org.testng.SuiteRunnerWorker.runSuite(SuiteRunnerWorker.java:53)
	at org.testng.SuiteRunnerWorker.run(SuiteRunnerWorker.java:96)
	at org.testng.TestNG.runSuitesSequentially(TestNG.java:1187)
	at org.testng.TestNG.runSuitesLocally(TestNG.java:1109)
	at org.testng.TestNG.runSuites(TestNG.java:1039)
	at org.testng.TestNG.run(TestNG.java:1007)
	at org.apache.maven.surefire.testng.TestNGExecutor.run(TestNGExecutor.java:284)
	at org.apache.maven.surefire.testng.TestNGXmlTestSuite.execute(TestNGXmlTestSuite.java:75)
	at org.apache.maven.surefire.testng.TestNGProvider.invoke(TestNGProvider.java:119)
	at org.apache.maven.surefire.booter.ForkedBooter.runSuitesInProcess(ForkedBooter.java:428)
	at org.apache.maven.surefire.booter.ForkedBooter.execute(ForkedBooter.java:162)
	at org.apache.maven.surefire.booter.ForkedBooter.run(ForkedBooter.java:562)
	at org.apache.maven.surefire.booter.ForkedBooter.main(ForkedBooter.java:548)

2023-09-26 15:47:27.913 [main] INFO  testcases.VerifySearchFuntioanlityOnHomePage - ----- Verifying the search functionality -----
2023-09-26 15:47:27.913 [main] INFO  testcases.VerifySearchFuntioanlityOnHomePage - ----- Giving data to the searchbox for searching -----
2023-09-26 15:47:28.976 [main] INFO  testcases.VerifySearchFuntioanlityOnHomePage - ----- Verifying that the name appers while searching the product is same or not -----
]]></system-out>
    <system-err><![CDATA[Sep 26, 2023 3:47:26 PM org.openqa.selenium.devtools.CdpVersionFinder findNearestMatch
WARNING: Unable to find an exact match for CDP version 117, so returning the closest version found: 115
]]></system-err>
  </testcase>
  <testcase name="verifyAllElements" classname="testcases.VerifyProductImagePriceAndAddToCartButtonAreDisplayedForEachProduct" time="0.957">
    <system-out><![CDATA[2023-09-26 15:47:28.976 [main] INFO  BasePackage.BasePage - Test case got passed
2023-09-26 15:47:28.982 [main] INFO  BasePackage.BasePage - __________________________________________________________________________________
2023-09-26 15:47:33.807 [main] INFO  testcases.VerifyProductImagePriceAndAddToCartButtonAreDisplayedForEachProduct - ----- Verifying the product image and Add to cart button is displayed or not -----
2023-09-26 15:47:33.807 [main] INFO  testcases.VerifyProductImagePriceAndAddToCartButtonAreDisplayedForEachProduct - ----- Strong the web element of productImage productTitile and buttons in list -----
2023-09-26 15:47:34.363 [main] INFO  testcases.VerifyProductImagePriceAndAddToCartButtonAreDisplayedForEachProduct - ----- Asserting the size of the list of productImage and productTitle -----
2023-09-26 15:47:34.363 [main] INFO  testcases.VerifyProductImagePriceAndAddToCartButtonAreDisplayedForEachProduct - ----- Asserting the size of the list of productImage and buttons -----
2023-09-26 15:47:34.363 [main] INFO  testcases.VerifyProductImagePriceAndAddToCartButtonAreDisplayedForEachProduct - ----- Verifying that the productImage , productTitle, buttons are displayed or not -----
2023-09-26 15:47:34.414 [main] INFO  testcases.VerifyProductImagePriceAndAddToCartButtonAreDisplayedForEachProduct - ----- Verifying that the productImage , productTitle, buttons are displayed or not -----
2023-09-26 15:47:34.448 [main] INFO  testcases.VerifyProductImagePriceAndAddToCartButtonAreDisplayedForEachProduct - ----- Verifying that the productImage , productTitle, buttons are displayed or not -----
2023-09-26 15:47:34.480 [main] INFO  testcases.VerifyProductImagePriceAndAddToCartButtonAreDisplayedForEachProduct - ----- Verifying that the productImage , productTitle, buttons are displayed or not -----
2023-09-26 15:47:34.514 [main] INFO  testcases.VerifyProductImagePriceAndAddToCartButtonAreDisplayedForEachProduct - ----- Verifying that the productImage , productTitle, buttons are displayed or not -----
2023-09-26 15:47:34.564 [main] INFO  testcases.VerifyProductImagePriceAndAddToCartButtonAreDisplayedForEachProduct - ----- Verifying that the productImage , productTitle, buttons are displayed or not -----
2023-09-26 15:47:34.598 [main] INFO  testcases.VerifyProductImagePriceAndAddToCartButtonAreDisplayedForEachProduct - ----- Verifying that the productImage , productTitle, buttons are displayed or not -----
2023-09-26 15:47:34.630 [main] INFO  testcases.VerifyProductImagePriceAndAddToCartButtonAreDisplayedForEachProduct - ----- Verifying that the productImage , productTitle, buttons are displayed or not -----
2023-09-26 15:47:34.680 [main] INFO  testcases.VerifyProductImagePriceAndAddToCartButtonAreDisplayedForEachProduct - ----- Verifying that the productImage , productTitle, buttons are displayed or not -----
2023-09-26 15:47:34.730 [main] INFO  testcases.VerifyProductImagePriceAndAddToCartButtonAreDisplayedForEachProduct - ----- Verifying that the productImage , productTitle, buttons are displayed or not -----
]]></system-out>
    <system-err><![CDATA[Sep 26, 2023 3:47:32 PM org.openqa.selenium.devtools.CdpVersionFinder findNearestMatch
WARNING: Unable to find an exact match for CDP version 117, so returning the closest version found: 115
]]></system-err>
  </testcase>
  <testcase name="AddToCart" classname="testcases.VerifyAddToCartFuntionality" time="0.783">
    <system-out><![CDATA[2023-09-26 15:47:34.780 [main] INFO  BasePackage.BasePage - Test case got passed
2023-09-26 15:47:34.780 [main] INFO  BasePackage.BasePage - __________________________________________________________________________________
2023-09-26 15:47:39.272 [main] INFO  testcases.VerifyAddToCartFuntionality - ----- Checking the total of selected item price -----
2023-09-26 15:47:40.033 [main] INFO  testcases.VerifyAddToCartFuntionality - ----- Verifying the total of selected item price -----
2023-09-26 15:47:40.033 [main] INFO  testcases.VerifyAddToCartFuntionality - ----- Verifying the total of selected item selected -----
]]></system-out>
    <system-err><![CDATA[Sep 26, 2023 3:47:37 PM org.openqa.selenium.devtools.CdpVersionFinder findNearestMatch
WARNING: Unable to find an exact match for CDP version 117, so returning the closest version found: 115
]]></system-err>
  </testcase>
  <testcase name="checkDetailsInMiniBasket" classname="testcases.VerifyProductDetailsInMiniBasket" time="0.976">
    <system-out><![CDATA[2023-09-26 15:47:40.059 [main] INFO  BasePackage.BasePage - Test case got passed
2023-09-26 15:47:40.060 [main] INFO  BasePackage.BasePage - __________________________________________________________________________________
2023-09-26 15:47:44.855 [main] INFO  testcases.VerifyProductDetailsInMiniBasket - ----- Verifying the product present in Mini Basket-----
2023-09-26 15:47:45.648 [main] INFO  testcases.VerifyProductDetailsInMiniBasket - ----- Matching the cucumber present in cart with the homepage name -----
2023-09-26 15:47:45.736 [main] INFO  testcases.VerifyProductDetailsInMiniBasket - ----- Matching the beetroot present in cart with the homepage name -----
]]></system-out>
    <system-err><![CDATA[Sep 26, 2023 3:47:43 PM org.openqa.selenium.devtools.CdpVersionFinder findNearestMatch
WARNING: Unable to find an exact match for CDP version 117, so returning the closest version found: 115
]]></system-err>
  </testcase>
  <testcase name="checkoutPage" classname="testcases.VerifyProductDetailsInCheckoutPage" time="1.687">
    <system-out><![CDATA[2023-09-26 15:47:45.854 [main] INFO  BasePackage.BasePage - Test case got passed
2023-09-26 15:47:45.855 [main] INFO  BasePackage.BasePage - __________________________________________________________________________________
2023-09-26 15:47:50.364 [main] INFO  testcases.VerifyProductDetailsInCheckoutPage - ----- Verifying the product present in checkout Page -----
2023-09-26 15:47:51.479 [main] INFO  testcases.VerifyProductDetailsInCheckoutPage - ----- Matching the cucumber present in cart with the homepage name -----
2023-09-26 15:47:52.050 [main] INFO  testcases.VerifyProductDetailsInCheckoutPage - ----- Matching the product Beetroot present in cart ans checking is it is present in checkout page or not -----
]]></system-out>
    <system-err><![CDATA[Sep 26, 2023 3:47:48 PM org.openqa.selenium.devtools.CdpVersionFinder findNearestMatch
WARNING: Unable to find an exact match for CDP version 117, so returning the closest version found: 115
]]></system-err>
  </testcase>
  <testcase name="FailingTestCase_notSelectTermsAndCondition" classname="testcases.VerifyOrderCannotBePlacedWithoutSelectingTermsAndConditions" time="2.014">
    <system-out><![CDATA[2023-09-26 15:47:52.117 [main] INFO  BasePackage.BasePage - Test case got passed
2023-09-26 15:47:52.118 [main] INFO  BasePackage.BasePage - __________________________________________________________________________________
2023-09-26 15:47:56.666 [main] INFO  testcases.VerifyOrderCannotBePlacedWithoutSelectingTermsAndConditions - ----- This testcase will failed because we are not clicking the checkbox and proceed for checkout -----
2023-09-26 15:47:58.551 [main] INFO  testcases.VerifyOrderCannotBePlacedWithoutSelectingTermsAndConditions - ----- Asserting that checkbox is selected or not -----
2023-09-26 15:47:58.679 [main] INFO  testcases.VerifyOrderCannotBePlacedWithoutSelectingTermsAndConditions - ----- Verifying that message when order is not placed -----
]]></system-out>
    <system-err><![CDATA[Sep 26, 2023 3:47:54 PM org.openqa.selenium.devtools.CdpVersionFinder findNearestMatch
WARNING: Unable to find an exact match for CDP version 117, so returning the closest version found: 115
]]></system-err>
  </testcase>
  <testcase name="selectTermsAndCondition" classname="testcases.VerifyOrderCannotBePlacedWithoutSelectingTermsAndConditions" time="1.97">
    <system-out><![CDATA[2023-09-26 15:47:58.680 [main] INFO  BasePackage.BasePage - Test case got passed
2023-09-26 15:47:58.680 [main] INFO  BasePackage.BasePage - __________________________________________________________________________________
2023-09-26 15:48:03.254 [main] INFO  testcases.VerifyOrderCannotBePlacedWithoutSelectingTermsAndConditions - ----- Verifying the TermsAndCondition is selected or not -----
2023-09-26 15:48:05.130 [main] INFO  testcases.VerifyOrderCannotBePlacedWithoutSelectingTermsAndConditions - ----- is checkbox is selected -----
]]></system-out>
    <system-err><![CDATA[Sep 26, 2023 3:48:01 PM org.openqa.selenium.devtools.CdpVersionFinder findNearestMatch
WARNING: Unable to find an exact match for CDP version 117, so returning the closest version found: 115
]]></system-err>
  </testcase>
  <testcase name="NavigateToTermsAndConditionsPage" classname="testcases.VerifyUserCanNavigateToTermsAndConditionsPage" time="2.212">
    <system-out><![CDATA[2023-09-26 15:48:05.228 [main] INFO  BasePackage.BasePage - Test case got passed
2023-09-26 15:48:05.228 [main] INFO  BasePackage.BasePage - __________________________________________________________________________________
2023-09-26 15:48:10.234 [main] INFO  testcases.VerifySingleItemOrderType - ----- navigating to terms and condition page -----
2023-09-26 15:48:12.460 [main] INFO  testcases.VerifySingleItemOrderType - ----- Verifying the terms and condition message with actual one -----
]]></system-out>
    <system-err><![CDATA[Sep 26, 2023 3:48:08 PM org.openqa.selenium.devtools.CdpVersionFinder findNearestMatch
WARNING: Unable to find an exact match for CDP version 117, so returning the closest version found: 115
]]></system-err>
  </testcase>
  <testcase name="VerifySingleLineMultiQtyOrder" classname="testcases.VerifySingleItemOrderType" time="1.872">
    <system-out><![CDATA[2023-09-26 15:48:12.463 [main] INFO  BasePackage.BasePage - Test case got passed
2023-09-26 15:48:12.463 [main] INFO  BasePackage.BasePage - __________________________________________________________________________________
2023-09-26 15:48:16.961 [main] INFO  testcases.VerifySingleItemOrderType - ----- Ordering single item -----
2023-09-26 15:48:17.481 [main] INFO  testcases.VerifySingleItemOrderType - ----- verifying the price of product with price of cart -----
2023-09-26 15:48:18.835 [main] INFO  testcases.VerifySingleItemOrderType - ----- Verifying that message when order is placed -----
]]></system-out>
    <system-err><![CDATA[Sep 26, 2023 3:48:15 PM org.openqa.selenium.devtools.CdpVersionFinder findNearestMatch
WARNING: Unable to find an exact match for CDP version 117, so returning the closest version found: 115
]]></system-err>
  </testcase>
  <testcase name="VerifySingleLineOrder" classname="testcases.VerifySingleItemOrderType" time="1.677">
    <system-out><![CDATA[2023-09-26 15:48:18.836 [main] INFO  BasePackage.BasePage - Test case got passed
2023-09-26 15:48:18.836 [main] INFO  BasePackage.BasePage - __________________________________________________________________________________
2023-09-26 15:48:23.436 [main] INFO  testcases.VerifySingleItemOrderType - ----- Ordering single item -----
2023-09-26 15:48:25.122 [main] INFO  testcases.VerifySingleItemOrderType - ----- Verifying that message when order is placed -----
]]></system-out>
    <system-err><![CDATA[Sep 26, 2023 3:48:21 PM org.openqa.selenium.devtools.CdpVersionFinder findNearestMatch
WARNING: Unable to find an exact match for CDP version 117, so returning the closest version found: 115
]]></system-err>
  </testcase>
  <testcase name="VerifyMultiLIneOrder" classname="testcases.VerifyMultipleItemOrderType" time="1.736">
    <system-out><![CDATA[2023-09-26 15:48:25.123 [main] INFO  BasePackage.BasePage - Test case got passed
2023-09-26 15:48:25.123 [main] INFO  BasePackage.BasePage - __________________________________________________________________________________
2023-09-26 15:48:30.015 [main] INFO  testcases.VerifyMultipleItemOrderType - ----- Verifying Multiple item Order -----
2023-09-26 15:48:31.756 [main] INFO  testcases.VerifyMultipleItemOrderType - ----- Verifying that message when order is placed -----
]]></system-out>
    <system-err><![CDATA[Sep 26, 2023 3:48:28 PM org.openqa.selenium.devtools.CdpVersionFinder findNearestMatch
WARNING: Unable to find an exact match for CDP version 117, so returning the closest version found: 115
]]></system-err>
  </testcase>
  <testcase name="VerifyMultiLineMultiQtyOrder" classname="testcases.VerifyMultipleItemOrderType" time="2.425">
    <system-out><![CDATA[2023-09-26 15:48:31.758 [main] INFO  BasePackage.BasePage - Test case got passed
2023-09-26 15:48:31.758 [main] INFO  BasePackage.BasePage - __________________________________________________________________________________
2023-09-26 15:48:36.958 [main] INFO  testcases.VerifyMultipleItemOrderType - ----- Verifying Multiple item Order with multiple quantity -----
2023-09-26 15:48:39.379 [main] INFO  testcases.VerifyMultipleItemOrderType - ----- Verifying that message when order is placed -----
]]></system-out>
    <system-err><![CDATA[Sep 26, 2023 3:48:35 PM org.openqa.selenium.devtools.CdpVersionFinder findNearestMatch
WARNING: Unable to find an exact match for CDP version 117, so returning the closest version found: 115
]]></system-err>
  </testcase>
</testsuite>