<?xml version="1.0" encoding="UTF-8"?>
<testng-results ignored="0" total="14" passed="13" failed="1" skipped="0">
  <reporter-output>
  </reporter-output>
  <suite started-at="2023-09-26T15:46:54 IST" name="Suite" finished-at="2023-09-26T15:48:39 IST" duration-ms="105522">
    <groups>
    </groups>
    <test started-at="2023-09-26T15:46:54 IST" name="Test" finished-at="2023-09-26T15:48:39 IST" duration-ms="105522">
      <class name="testcases.VerifyProductDetailsInMiniBasket">
        <test-method is-config="true" signature="setUp(java.lang.reflect.Method)[pri:0, instance:testcases.VerifyProductDetailsInMiniBasket@16ce702d]" started-at="2023-09-26T15:47:40 IST" name="setUp" finished-at="2023-09-26T15:47:44 IST" duration-ms="4447" status="PASS">
          <params>
            <param index="0">
              <value>
                <![CDATA[public void testcases.VerifyProductDetailsInMiniBasket.checkDetailsInMiniBasket()]]>
              </value>
            </param>
          </params>
          <reporter-output>
          </reporter-output>
        </test-method> <!-- setUp -->
        <test-method signature="checkDetailsInMiniBasket()[pri:0, instance:testcases.VerifyProductDetailsInMiniBasket@16ce702d]" started-at="2023-09-26T15:47:44 IST" name="checkDetailsInMiniBasket" finished-at="2023-09-26T15:47:45 IST" duration-ms="1002" status="PASS">
          <reporter-output>
          </reporter-output>
        </test-method> <!-- checkDetailsInMiniBasket -->
        <test-method is-config="true" signature="testStatus(org.testng.ITestResult)[pri:0, instance:testcases.VerifyProductDetailsInMiniBasket@16ce702d]" started-at="2023-09-26T15:47:45 IST" name="testStatus" finished-at="2023-09-26T15:47:46 IST" duration-ms="334" status="PASS">
          <params>
            <param index="0">
              <value>
                <![CDATA[[TestResult name=checkDetailsInMiniBasket status=SUCCESS method=VerifyProductDetailsInMiniBasket.checkDetailsInMiniBasket()[pri:0, instance:testcases.VerifyProductDetailsInMiniBasket@16ce702d] output={null}]]]>
              </value>
            </param>
          </params>
          <reporter-output>
          </reporter-output>
        </test-method> <!-- testStatus -->
      </class> <!-- testcases.VerifyProductDetailsInMiniBasket -->
      <class name="testcases.VerifyProductsAreDisplayedOnTheHomePage">
        <test-method is-config="true" signature="setUp(java.lang.reflect.Method)[pri:0, instance:testcases.VerifyProductsAreDisplayedOnTheHomePage@1f3f02ee]" started-at="2023-09-26T15:46:54 IST" name="setUp" finished-at="2023-09-26T15:47:05 IST" duration-ms="10995" status="PASS">
          <params>
            <param index="0">
              <value>
                <![CDATA[public void testcases.VerifyProductsAreDisplayedOnTheHomePage.imageAreDisplayedOrNot()]]>
              </value>
            </param>
          </params>
          <reporter-output>
          </reporter-output>
        </test-method> <!-- setUp -->
        <test-method signature="imageAreDisplayedOrNot()[pri:0, instance:testcases.VerifyProductsAreDisplayedOnTheHomePage@1f3f02ee]" started-at="2023-09-26T15:47:05 IST" name="imageAreDisplayedOrNot" finished-at="2023-09-26T15:47:05 IST" duration-ms="159" status="PASS">
          <reporter-output>
          </reporter-output>
        </test-method> <!-- imageAreDisplayedOrNot -->
        <test-method is-config="true" signature="testStatus(org.testng.ITestResult)[pri:0, instance:testcases.VerifyProductsAreDisplayedOnTheHomePage@1f3f02ee]" started-at="2023-09-26T15:47:05 IST" name="testStatus" finished-at="2023-09-26T15:47:06 IST" duration-ms="856" status="PASS">
          <params>
            <param index="0">
              <value>
                <![CDATA[[TestResult name=imageAreDisplayedOrNot status=SUCCESS method=VerifyProductsAreDisplayedOnTheHomePage.imageAreDisplayedOrNot()[pri:0, instance:testcases.VerifyProductsAreDisplayedOnTheHomePage@1f3f02ee] output={null}]]]>
              </value>
            </param>
          </params>
          <reporter-output>
          </reporter-output>
        </test-method> <!-- testStatus -->
      </class> <!-- testcases.VerifyProductsAreDisplayedOnTheHomePage -->
      <class name="testcases.VerifyProductImagePriceAndAddToCartButtonAreDisplayedForEachProduct">
        <test-method is-config="true" signature="setUp(java.lang.reflect.Method)[pri:0, instance:testcases.VerifyProductImagePriceAndAddToCartButtonAreDisplayedForEachProduct@5dcb4f5f]" started-at="2023-09-26T15:47:29 IST" name="setUp" finished-at="2023-09-26T15:47:33 IST" duration-ms="4403" status="PASS">
          <params>
            <param index="0">
              <value>
                <![CDATA[public void testcases.VerifyProductImagePriceAndAddToCartButtonAreDisplayedForEachProduct.verifyAllElements()]]>
              </value>
            </param>
          </params>
          <reporter-output>
          </reporter-output>
        </test-method> <!-- setUp -->
        <test-method signature="verifyAllElements()[pri:0, instance:testcases.VerifyProductImagePriceAndAddToCartButtonAreDisplayedForEachProduct@5dcb4f5f]" started-at="2023-09-26T15:47:33 IST" name="verifyAllElements" finished-at="2023-09-26T15:47:34 IST" duration-ms="973" status="PASS">
          <reporter-output>
          </reporter-output>
        </test-method> <!-- verifyAllElements -->
        <test-method is-config="true" signature="testStatus(org.testng.ITestResult)[pri:0, instance:testcases.VerifyProductImagePriceAndAddToCartButtonAreDisplayedForEachProduct@5dcb4f5f]" started-at="2023-09-26T15:47:34 IST" name="testStatus" finished-at="2023-09-26T15:47:35 IST" duration-ms="430" status="PASS">
          <params>
            <param index="0">
              <value>
                <![CDATA[[TestResult name=verifyAllElements status=SUCCESS method=VerifyProductImagePriceAndAddToCartButtonAreDisplayedForEachProduct.verifyAllElements()[pri:0, instance:testcases.VerifyProductImagePriceAndAddToCartButtonAreDisplayedForEachProduct@5dcb4f5f] output={null}]]]>
              </value>
            </param>
          </params>
          <reporter-output>
          </reporter-output>
        </test-method> <!-- testStatus -->
      </class> <!-- testcases.VerifyProductImagePriceAndAddToCartButtonAreDisplayedForEachProduct -->
      <class name="testcases.VerifyMultipleItemOrderType">
        <test-method is-config="true" signature="setUp(java.lang.reflect.Method)[pri:0, instance:testcases.VerifyMultipleItemOrderType@3a5ecce3]" started-at="2023-09-26T15:48:25 IST" name="setUp" finished-at="2023-09-26T15:48:30 IST" duration-ms="4530" status="PASS">
          <params>
            <param index="0">
              <value>
                <![CDATA[public void testcases.VerifyMultipleItemOrderType.VerifyMultiLIneOrder()]]>
              </value>
            </param>
          </params>
          <reporter-output>
          </reporter-output>
        </test-method> <!-- setUp -->
        <test-method signature="VerifyMultiLIneOrder()[pri:0, instance:testcases.VerifyMultipleItemOrderType@3a5ecce3]" started-at="2023-09-26T15:48:30 IST" name="VerifyMultiLIneOrder" finished-at="2023-09-26T15:48:31 IST" duration-ms="1744" status="PASS">
          <reporter-output>
          </reporter-output>
        </test-method> <!-- VerifyMultiLIneOrder -->
        <test-method is-config="true" signature="testStatus(org.testng.ITestResult)[pri:0, instance:testcases.VerifyMultipleItemOrderType@3a5ecce3]" started-at="2023-09-26T15:48:31 IST" name="testStatus" finished-at="2023-09-26T15:48:32 IST" duration-ms="505" status="PASS">
          <params>
            <param index="0">
              <value>
                <![CDATA[[TestResult name=VerifyMultiLIneOrder status=SUCCESS method=VerifyMultipleItemOrderType.VerifyMultiLIneOrder()[pri:0, instance:testcases.VerifyMultipleItemOrderType@3a5ecce3] output={null}]]]>
              </value>
            </param>
          </params>
          <reporter-output>
          </reporter-output>
        </test-method> <!-- testStatus -->
        <test-method is-config="true" signature="setUp(java.lang.reflect.Method)[pri:0, instance:testcases.VerifyMultipleItemOrderType@3a5ecce3]" started-at="2023-09-26T15:48:32 IST" name="setUp" finished-at="2023-09-26T15:48:36 IST" duration-ms="4694" status="PASS">
          <params>
            <param index="0">
              <value>
                <![CDATA[public void testcases.VerifyMultipleItemOrderType.VerifyMultiLineMultiQtyOrder()]]>
              </value>
            </param>
          </params>
          <reporter-output>
          </reporter-output>
        </test-method> <!-- setUp -->
        <test-method signature="VerifyMultiLineMultiQtyOrder()[pri:0, instance:testcases.VerifyMultipleItemOrderType@3a5ecce3]" started-at="2023-09-26T15:48:36 IST" name="VerifyMultiLineMultiQtyOrder" finished-at="2023-09-26T15:48:39 IST" duration-ms="2426" status="PASS">
          <reporter-output>
          </reporter-output>
        </test-method> <!-- VerifyMultiLineMultiQtyOrder -->
        <test-method is-config="true" signature="testStatus(org.testng.ITestResult)[pri:0, instance:testcases.VerifyMultipleItemOrderType@3a5ecce3]" started-at="2023-09-26T15:48:39 IST" name="testStatus" finished-at="2023-09-26T15:48:39 IST" duration-ms="380" status="PASS">
          <params>
            <param index="0">
              <value>
                <![CDATA[[TestResult name=VerifyMultiLineMultiQtyOrder status=SUCCESS method=VerifyMultipleItemOrderType.VerifyMultiLineMultiQtyOrder()[pri:0, instance:testcases.VerifyMultipleItemOrderType@3a5ecce3] output={null}]]]>
              </value>
            </param>
          </params>
          <reporter-output>
          </reporter-output>
        </test-method> <!-- testStatus -->
      </class> <!-- testcases.VerifyMultipleItemOrderType -->
      <class name="testcases.VerifyUserCanNavigateToTermsAndConditionsPage">
        <test-method is-config="true" signature="setUp(java.lang.reflect.Method)[pri:0, instance:testcases.VerifyUserCanNavigateToTermsAndConditionsPage@47f9738]" started-at="2023-09-26T15:48:05 IST" name="setUp" finished-at="2023-09-26T15:48:10 IST" duration-ms="4591" status="PASS">
          <params>
            <param index="0">
              <value>
                <![CDATA[public void testcases.VerifyUserCanNavigateToTermsAndConditionsPage.NavigateToTermsAndConditionsPage()]]>
              </value>
            </param>
          </params>
          <reporter-output>
          </reporter-output>
        </test-method> <!-- setUp -->
        <test-method signature="NavigateToTermsAndConditionsPage()[pri:0, instance:testcases.VerifyUserCanNavigateToTermsAndConditionsPage@47f9738]" started-at="2023-09-26T15:48:10 IST" name="NavigateToTermsAndConditionsPage" finished-at="2023-09-26T15:48:12 IST" duration-ms="2229" status="PASS">
          <reporter-output>
          </reporter-output>
        </test-method> <!-- NavigateToTermsAndConditionsPage -->
        <test-method is-config="true" signature="testStatus(org.testng.ITestResult)[pri:0, instance:testcases.VerifyUserCanNavigateToTermsAndConditionsPage@47f9738]" started-at="2023-09-26T15:48:12 IST" name="testStatus" finished-at="2023-09-26T15:48:12 IST" duration-ms="390" status="PASS">
          <params>
            <param index="0">
              <value>
                <![CDATA[[TestResult name=NavigateToTermsAndConditionsPage status=SUCCESS method=VerifyUserCanNavigateToTermsAndConditionsPage.NavigateToTermsAndConditionsPage()[pri:0, instance:testcases.VerifyUserCanNavigateToTermsAndConditionsPage@47f9738] output={null}]]]>
              </value>
            </param>
          </params>
          <reporter-output>
          </reporter-output>
        </test-method> <!-- testStatus -->
      </class> <!-- testcases.VerifyUserCanNavigateToTermsAndConditionsPage -->
      <class name="testcases.VerifyOrderCannotBePlacedWithoutSelectingTermsAndConditions">
        <test-method is-config="true" signature="setUp(java.lang.reflect.Method)[pri:0, instance:testcases.VerifyOrderCannotBePlacedWithoutSelectingTermsAndConditions@7ca20101]" started-at="2023-09-26T15:47:52 IST" name="setUp" finished-at="2023-09-26T15:47:56 IST" duration-ms="4159" status="PASS">
          <params>
            <param index="0">
              <value>
                <![CDATA[public void testcases.VerifyOrderCannotBePlacedWithoutSelectingTermsAndConditions.FailingTestCase_notSelectTermsAndCondition() throws java.lang.InterruptedException]]>
              </value>
            </param>
          </params>
          <reporter-output>
          </reporter-output>
        </test-method> <!-- setUp -->
        <test-method signature="FailingTestCase_notSelectTermsAndCondition()[pri:0, instance:testcases.VerifyOrderCannotBePlacedWithoutSelectingTermsAndConditions@7ca20101]" started-at="2023-09-26T15:47:56 IST" name="FailingTestCase_notSelectTermsAndCondition" finished-at="2023-09-26T15:47:58 IST" duration-ms="2014" status="PASS">
          <reporter-output>
          </reporter-output>
        </test-method> <!-- FailingTestCase_notSelectTermsAndCondition -->
        <test-method is-config="true" signature="testStatus(org.testng.ITestResult)[pri:0, instance:testcases.VerifyOrderCannotBePlacedWithoutSelectingTermsAndConditions@7ca20101]" started-at="2023-09-26T15:47:58 IST" name="testStatus" finished-at="2023-09-26T15:47:59 IST" duration-ms="464" status="PASS">
          <params>
            <param index="0">
              <value>
                <![CDATA[[TestResult name=FailingTestCase_notSelectTermsAndCondition status=SUCCESS method=VerifyOrderCannotBePlacedWithoutSelectingTermsAndConditions.FailingTestCase_notSelectTermsAndCondition()[pri:0, instance:testcases.VerifyOrderCannotBePlacedWithoutSelectingTermsAndConditions@7ca20101] output={null}]]]>
              </value>
            </param>
          </params>
          <reporter-output>
          </reporter-output>
        </test-method> <!-- testStatus -->
        <test-method is-config="true" signature="setUp(java.lang.reflect.Method)[pri:0, instance:testcases.VerifyOrderCannotBePlacedWithoutSelectingTermsAndConditions@7ca20101]" started-at="2023-09-26T15:47:59 IST" name="setUp" finished-at="2023-09-26T15:48:03 IST" duration-ms="4105" status="PASS">
          <params>
            <param index="0">
              <value>
                <![CDATA[public void testcases.VerifyOrderCannotBePlacedWithoutSelectingTermsAndConditions.selectTermsAndCondition() throws java.lang.InterruptedException]]>
              </value>
            </param>
          </params>
          <reporter-output>
          </reporter-output>
        </test-method> <!-- setUp -->
        <test-method signature="selectTermsAndCondition()[pri:0, instance:testcases.VerifyOrderCannotBePlacedWithoutSelectingTermsAndConditions@7ca20101]" started-at="2023-09-26T15:48:03 IST" name="selectTermsAndCondition" finished-at="2023-09-26T15:48:05 IST" duration-ms="1974" status="PASS">
          <reporter-output>
          </reporter-output>
        </test-method> <!-- selectTermsAndCondition -->
        <test-method is-config="true" signature="testStatus(org.testng.ITestResult)[pri:0, instance:testcases.VerifyOrderCannotBePlacedWithoutSelectingTermsAndConditions@7ca20101]" started-at="2023-09-26T15:48:05 IST" name="testStatus" finished-at="2023-09-26T15:48:05 IST" duration-ms="413" status="PASS">
          <params>
            <param index="0">
              <value>
                <![CDATA[[TestResult name=selectTermsAndCondition status=SUCCESS method=VerifyOrderCannotBePlacedWithoutSelectingTermsAndConditions.selectTermsAndCondition()[pri:0, instance:testcases.VerifyOrderCannotBePlacedWithoutSelectingTermsAndConditions@7ca20101] output={null}]]]>
              </value>
            </param>
          </params>
          <reporter-output>
          </reporter-output>
        </test-method> <!-- testStatus -->
      </class> <!-- testcases.VerifyOrderCannotBePlacedWithoutSelectingTermsAndConditions -->
      <class name="testcases.VerifyAddToCartFuntionality">
        <test-method is-config="true" signature="setUp(java.lang.reflect.Method)[pri:0, instance:testcases.VerifyAddToCartFuntionality@71812481]" started-at="2023-09-26T15:47:35 IST" name="setUp" finished-at="2023-09-26T15:47:39 IST" duration-ms="4061" status="PASS">
          <params>
            <param index="0">
              <value>
                <![CDATA[public void testcases.VerifyAddToCartFuntionality.AddToCart()]]>
              </value>
            </param>
          </params>
          <reporter-output>
          </reporter-output>
        </test-method> <!-- setUp -->
        <test-method signature="AddToCart()[pri:0, instance:testcases.VerifyAddToCartFuntionality@71812481]" started-at="2023-09-26T15:47:39 IST" name="AddToCart" finished-at="2023-09-26T15:47:40 IST" duration-ms="788" status="PASS">
          <reporter-output>
          </reporter-output>
        </test-method> <!-- AddToCart -->
        <test-method is-config="true" signature="testStatus(org.testng.ITestResult)[pri:0, instance:testcases.VerifyAddToCartFuntionality@71812481]" started-at="2023-09-26T15:47:40 IST" name="testStatus" finished-at="2023-09-26T15:47:40 IST" duration-ms="345" status="PASS">
          <params>
            <param index="0">
              <value>
                <![CDATA[[TestResult name=AddToCart status=SUCCESS method=VerifyAddToCartFuntionality.AddToCart()[pri:0, instance:testcases.VerifyAddToCartFuntionality@71812481] output={null}]]]>
              </value>
            </param>
          </params>
          <reporter-output>
          </reporter-output>
        </test-method> <!-- testStatus -->
      </class> <!-- testcases.VerifyAddToCartFuntionality -->
      <class name="testcases.VerifyProductDetailsInCheckoutPage">
        <test-method is-config="true" signature="setUp(java.lang.reflect.Method)[pri:0, instance:testcases.VerifyProductDetailsInCheckoutPage@7b94089b]" started-at="2023-09-26T15:47:46 IST" name="setUp" finished-at="2023-09-26T15:47:50 IST" duration-ms="4168" status="PASS">
          <params>
            <param index="0">
              <value>
                <![CDATA[public void testcases.VerifyProductDetailsInCheckoutPage.checkoutPage()]]>
              </value>
            </param>
          </params>
          <reporter-output>
          </reporter-output>
        </test-method> <!-- setUp -->
        <test-method signature="checkoutPage()[pri:0, instance:testcases.VerifyProductDetailsInCheckoutPage@7b94089b]" started-at="2023-09-26T15:47:50 IST" name="checkoutPage" finished-at="2023-09-26T15:47:52 IST" duration-ms="1759" status="PASS">
          <reporter-output>
          </reporter-output>
        </test-method> <!-- checkoutPage -->
        <test-method is-config="true" signature="testStatus(org.testng.ITestResult)[pri:0, instance:testcases.VerifyProductDetailsInCheckoutPage@7b94089b]" started-at="2023-09-26T15:47:52 IST" name="testStatus" finished-at="2023-09-26T15:47:52 IST" duration-ms="389" status="PASS">
          <params>
            <param index="0">
              <value>
                <![CDATA[[TestResult name=checkoutPage status=SUCCESS method=VerifyProductDetailsInCheckoutPage.checkoutPage()[pri:0, instance:testcases.VerifyProductDetailsInCheckoutPage@7b94089b] output={null}]]]>
              </value>
            </param>
          </params>
          <reporter-output>
          </reporter-output>
        </test-method> <!-- testStatus -->
      </class> <!-- testcases.VerifyProductDetailsInCheckoutPage -->
      <class name="testcases.VerifySingleItemOrderType">
        <test-method is-config="true" signature="setUp(java.lang.reflect.Method)[pri:0, instance:testcases.VerifySingleItemOrderType@6155d082]" started-at="2023-09-26T15:48:12 IST" name="setUp" finished-at="2023-09-26T15:48:16 IST" duration-ms="4106" status="PASS">
          <params>
            <param index="0">
              <value>
                <![CDATA[public void testcases.VerifySingleItemOrderType.VerifySingleLineMultiQtyOrder()]]>
              </value>
            </param>
          </params>
          <reporter-output>
          </reporter-output>
        </test-method> <!-- setUp -->
        <test-method signature="VerifySingleLineMultiQtyOrder()[pri:0, instance:testcases.VerifySingleItemOrderType@6155d082]" started-at="2023-09-26T15:48:16 IST" name="VerifySingleLineMultiQtyOrder" finished-at="2023-09-26T15:48:18 IST" duration-ms="1875" status="PASS">
          <reporter-output>
          </reporter-output>
        </test-method> <!-- VerifySingleLineMultiQtyOrder -->
        <test-method is-config="true" signature="testStatus(org.testng.ITestResult)[pri:0, instance:testcases.VerifySingleItemOrderType@6155d082]" started-at="2023-09-26T15:48:18 IST" name="testStatus" finished-at="2023-09-26T15:48:19 IST" duration-ms="421" status="PASS">
          <params>
            <param index="0">
              <value>
                <![CDATA[[TestResult name=VerifySingleLineMultiQtyOrder status=SUCCESS method=VerifySingleItemOrderType.VerifySingleLineMultiQtyOrder()[pri:0, instance:testcases.VerifySingleItemOrderType@6155d082] output={null}]]]>
              </value>
            </param>
          </params>
          <reporter-output>
          </reporter-output>
        </test-method> <!-- testStatus -->
        <test-method is-config="true" signature="setUp(java.lang.reflect.Method)[pri:0, instance:testcases.VerifySingleItemOrderType@6155d082]" started-at="2023-09-26T15:48:19 IST" name="setUp" finished-at="2023-09-26T15:48:23 IST" duration-ms="4176" status="PASS">
          <params>
            <param index="0">
              <value>
                <![CDATA[public void testcases.VerifySingleItemOrderType.VerifySingleLineOrder()]]>
              </value>
            </param>
          </params>
          <reporter-output>
          </reporter-output>
        </test-method> <!-- setUp -->
        <test-method signature="VerifySingleLineOrder()[pri:0, instance:testcases.VerifySingleItemOrderType@6155d082]" started-at="2023-09-26T15:48:23 IST" name="VerifySingleLineOrder" finished-at="2023-09-26T15:48:25 IST" duration-ms="1688" status="PASS">
          <reporter-output>
          </reporter-output>
        </test-method> <!-- VerifySingleLineOrder -->
        <test-method is-config="true" signature="testStatus(org.testng.ITestResult)[pri:0, instance:testcases.VerifySingleItemOrderType@6155d082]" started-at="2023-09-26T15:48:25 IST" name="testStatus" finished-at="2023-09-26T15:48:25 IST" duration-ms="357" status="PASS">
          <params>
            <param index="0">
              <value>
                <![CDATA[[TestResult name=VerifySingleLineOrder status=SUCCESS method=VerifySingleItemOrderType.VerifySingleLineOrder()[pri:0, instance:testcases.VerifySingleItemOrderType@6155d082] output={null}]]]>
              </value>
            </param>
          </params>
          <reporter-output>
          </reporter-output>
        </test-method> <!-- testStatus -->
      </class> <!-- testcases.VerifySingleItemOrderType -->
      <class name="testcases.VerifySearchFuntioanlityOnHomePage">
        <test-method is-config="true" signature="setUp(java.lang.reflect.Method)[pri:0, instance:testcases.VerifySearchFuntioanlityOnHomePage@1fde5d22]" started-at="2023-09-26T15:47:06 IST" name="setUp" finished-at="2023-09-26T15:47:11 IST" duration-ms="5578" status="PASS">
          <params>
            <param index="0">
              <value>
                <![CDATA[public void testcases.VerifySearchFuntioanlityOnHomePage.FailedTestcase_matchingSearchedProduct()]]>
              </value>
            </param>
          </params>
          <reporter-output>
          </reporter-output>
        </test-method> <!-- setUp -->
        <test-method signature="FailedTestcase_matchingSearchedProduct()[pri:0, instance:testcases.VerifySearchFuntioanlityOnHomePage@1fde5d22]" started-at="2023-09-26T15:47:11 IST" name="FailedTestcase_matchingSearchedProduct" finished-at="2023-09-26T15:47:22 IST" duration-ms="10832" status="FAIL">
          <exception class="org.openqa.selenium.NoSuchElementException">
            <message>
              <![CDATA[no such element: Unable to locate element: {"method":"xpath","selector":"//h4[text()='Cucumber - 1 Kg']"}
  (Session info: chrome=117.0.5938.92)
For documentation on this error, please visit: https://www.selenium.dev/documentation/webdriver/troubleshooting/errors#no-such-element-exception
Build info: version: '4.11.0', revision: '040bc5406b'
System info: os.name: 'Windows 11', os.arch: 'amd64', os.version: '10.0', java.version: '17.0.8.1'
Driver info: org.openqa.selenium.chrome.ChromeDriver
Command: [635cb4fb023424d5e1b431a9f6a35b0b, findElement {using=xpath, value=//h4[text()='Cucumber - 1 Kg']}]
Capabilities {acceptInsecureCerts: false, browserName: chrome, browserVersion: 117.0.5938.92, chrome: {chromedriverVersion: 117.0.5938.92 (67649b10b92b..., userDataDir: C:\Users\Kumar\AppData\Loca...}, fedcm:accounts: true, goog:chromeOptions: {debuggerAddress: localhost:51178}, networkConnectionEnabled: false, pageLoadStrategy: normal, platformName: windows, proxy: Proxy(), se:cdp: ws://localhost:51178/devtoo..., se:cdpVersion: 117.0.5938.92, setWindowRect: true, strictFileInteractability: false, timeouts: {implicit: 0, pageLoad: 300000, script: 30000}, unhandledPromptBehavior: dismiss and notify, webauthn:extension:credBlob: true, webauthn:extension:largeBlob: true, webauthn:extension:minPinLength: true, webauthn:extension:prf: true, webauthn:virtualAuthenticators: true}
Session ID: 635cb4fb023424d5e1b431a9f6a35b0b]]>
            </message>
            <full-stacktrace>
              <![CDATA[org.openqa.selenium.NoSuchElementException: no such element: Unable to locate element: {"method":"xpath","selector":"//h4[text()='Cucumber - 1 Kg']"}
  (Session info: chrome=117.0.5938.92)
For documentation on this error, please visit: https://www.selenium.dev/documentation/webdriver/troubleshooting/errors#no-such-element-exception
Build info: version: '4.11.0', revision: '040bc5406b'
System info: os.name: 'Windows 11', os.arch: 'amd64', os.version: '10.0', java.version: '17.0.8.1'
Driver info: org.openqa.selenium.chrome.ChromeDriver
Command: [635cb4fb023424d5e1b431a9f6a35b0b, findElement {using=xpath, value=//h4[text()='Cucumber - 1 Kg']}]
Capabilities {acceptInsecureCerts: false, browserName: chrome, browserVersion: 117.0.5938.92, chrome: {chromedriverVersion: 117.0.5938.92 (67649b10b92b..., userDataDir: C:\Users\Kumar\AppData\Loca...}, fedcm:accounts: true, goog:chromeOptions: {debuggerAddress: localhost:51178}, networkConnectionEnabled: false, pageLoadStrategy: normal, platformName: windows, proxy: Proxy(), se:cdp: ws://localhost:51178/devtoo..., se:cdpVersion: 117.0.5938.92, setWindowRect: true, strictFileInteractability: false, timeouts: {implicit: 0, pageLoad: 300000, script: 30000}, unhandledPromptBehavior: dismiss and notify, webauthn:extension:credBlob: true, webauthn:extension:largeBlob: true, webauthn:extension:minPinLength: true, webauthn:extension:prf: true, webauthn:virtualAuthenticators: true}
Session ID: 635cb4fb023424d5e1b431a9f6a35b0b
at java.base/jdk.internal.reflect.NativeConstructorAccessorImpl.newInstance0(Native Method)
at java.base/jdk.internal.reflect.NativeConstructorAccessorImpl.newInstance(NativeConstructorAccessorImpl.java:77)
at java.base/jdk.internal.reflect.DelegatingConstructorAccessorImpl.newInstance(DelegatingConstructorAccessorImpl.java:45)
at java.base/java.lang.reflect.Constructor.newInstanceWithCaller(Constructor.java:499)
at java.base/java.lang.reflect.Constructor.newInstance(Constructor.java:480)
at org.openqa.selenium.remote.codec.w3c.W3CHttpResponseCodec.createException(W3CHttpResponseCodec.java:200)
at org.openqa.selenium.remote.codec.w3c.W3CHttpResponseCodec.decode(W3CHttpResponseCodec.java:133)
at org.openqa.selenium.remote.codec.w3c.W3CHttpResponseCodec.decode(W3CHttpResponseCodec.java:52)
at org.openqa.selenium.remote.HttpCommandExecutor.execute(HttpCommandExecutor.java:191)
at org.openqa.selenium.remote.service.DriverCommandExecutor.invokeExecute(DriverCommandExecutor.java:196)
at org.openqa.selenium.remote.service.DriverCommandExecutor.execute(DriverCommandExecutor.java:171)
at org.openqa.selenium.remote.RemoteWebDriver.execute(RemoteWebDriver.java:518)
at org.openqa.selenium.remote.ElementLocation$ElementFinder$2.findElement(ElementLocation.java:165)
at org.openqa.selenium.remote.ElementLocation.findElement(ElementLocation.java:59)
at org.openqa.selenium.remote.RemoteWebDriver.findElement(RemoteWebDriver.java:355)
at org.openqa.selenium.remote.RemoteWebDriver.findElement(RemoteWebDriver.java:349)
at org.openqa.selenium.support.pagefactory.DefaultElementLocator.findElement(DefaultElementLocator.java:68)
at org.openqa.selenium.support.pagefactory.internal.LocatingElementHandler.invoke(LocatingElementHandler.java:38)
at jdk.proxy2/jdk.proxy2.$Proxy28.getText(Unknown Source)
at Pages.HomePage.dispalyCucumberText(HomePage.java:86)
at Pages.HomePage.isTextContains(HomePage.java:175)
at testcases.VerifySearchFuntioanlityOnHomePage.FailedTestcase_matchingSearchedProduct(VerifySearchFuntioanlityOnHomePage.java:50)
at java.base/jdk.internal.reflect.NativeMethodAccessorImpl.invoke0(Native Method)
at java.base/jdk.internal.reflect.NativeMethodAccessorImpl.invoke(NativeMethodAccessorImpl.java:77)
at java.base/jdk.internal.reflect.DelegatingMethodAccessorImpl.invoke(DelegatingMethodAccessorImpl.java:43)
at java.base/java.lang.reflect.Method.invoke(Method.java:568)
at org.testng.internal.MethodInvocationHelper.invokeMethod(MethodInvocationHelper.java:134)
at org.testng.internal.TestInvoker.invokeMethod(TestInvoker.java:597)
at org.testng.internal.TestInvoker.invokeTestMethod(TestInvoker.java:173)
at org.testng.internal.MethodRunner.runInSequence(MethodRunner.java:46)
at org.testng.internal.TestInvoker$MethodInvocationAgent.invoke(TestInvoker.java:816)
at org.testng.internal.TestInvoker.invokeTestMethods(TestInvoker.java:146)
at org.testng.internal.TestMethodWorker.invokeTestMethods(TestMethodWorker.java:146)
at org.testng.internal.TestMethodWorker.run(TestMethodWorker.java:128)
at java.base/java.util.ArrayList.forEach(ArrayList.java:1511)
at org.testng.TestRunner.privateRun(TestRunner.java:766)
at org.testng.TestRunner.run(TestRunner.java:587)
at org.testng.SuiteRunner.runTest(SuiteRunner.java:384)
at org.testng.SuiteRunner.runSequentially(SuiteRunner.java:378)
at org.testng.SuiteRunner.privateRun(SuiteRunner.java:337)
at org.testng.SuiteRunner.run(SuiteRunner.java:286)
at org.testng.SuiteRunnerWorker.runSuite(SuiteRunnerWorker.java:53)
at org.testng.SuiteRunnerWorker.run(SuiteRunnerWorker.java:96)
at org.testng.TestNG.runSuitesSequentially(TestNG.java:1187)
at org.testng.TestNG.runSuitesLocally(TestNG.java:1109)
at org.testng.TestNG.runSuites(TestNG.java:1039)
at org.testng.TestNG.run(TestNG.java:1007)
at org.apache.maven.surefire.testng.TestNGExecutor.run(TestNGExecutor.java:284)
at org.apache.maven.surefire.testng.TestNGXmlTestSuite.execute(TestNGXmlTestSuite.java:75)
at org.apache.maven.surefire.testng.TestNGProvider.invoke(TestNGProvider.java:119)
at org.apache.maven.surefire.booter.ForkedBooter.runSuitesInProcess(ForkedBooter.java:428)
at org.apache.maven.surefire.booter.ForkedBooter.execute(ForkedBooter.java:162)
at org.apache.maven.surefire.booter.ForkedBooter.run(ForkedBooter.java:562)
at org.apache.maven.surefire.booter.ForkedBooter.main(ForkedBooter.java:548)
]]>
            </full-stacktrace>
          </exception> <!-- org.openqa.selenium.NoSuchElementException -->
          <reporter-output>
          </reporter-output>
        </test-method> <!-- FailedTestcase_matchingSearchedProduct -->
        <test-method is-config="true" signature="testStatus(org.testng.ITestResult)[pri:0, instance:testcases.VerifySearchFuntioanlityOnHomePage@1fde5d22]" started-at="2023-09-26T15:47:22 IST" name="testStatus" finished-at="2023-09-26T15:47:23 IST" duration-ms="672" status="PASS">
          <params>
            <param index="0">
              <value>
                <![CDATA[[TestResult name=FailedTestcase_matchingSearchedProduct status=FAILURE method=VerifySearchFuntioanlityOnHomePage.FailedTestcase_matchingSearchedProduct()[pri:0, instance:testcases.VerifySearchFuntioanlityOnHomePage@1fde5d22] output={null}]]]>
              </value>
            </param>
          </params>
          <reporter-output>
          </reporter-output>
        </test-method> <!-- testStatus -->
        <test-method is-config="true" signature="setUp(java.lang.reflect.Method)[pri:0, instance:testcases.VerifySearchFuntioanlityOnHomePage@1fde5d22]" started-at="2023-09-26T15:47:23 IST" name="setUp" finished-at="2023-09-26T15:47:27 IST" duration-ms="4505" status="PASS">
          <params>
            <param index="0">
              <value>
                <![CDATA[public void testcases.VerifySearchFuntioanlityOnHomePage.matchingSearchedProduct()]]>
              </value>
            </param>
          </params>
          <reporter-output>
          </reporter-output>
        </test-method> <!-- setUp -->
        <test-method signature="matchingSearchedProduct()[pri:0, instance:testcases.VerifySearchFuntioanlityOnHomePage@1fde5d22]" started-at="2023-09-26T15:47:27 IST" name="matchingSearchedProduct" finished-at="2023-09-26T15:47:28 IST" duration-ms="1063" status="PASS">
          <reporter-output>
          </reporter-output>
        </test-method> <!-- matchingSearchedProduct -->
        <test-method is-config="true" signature="testStatus(org.testng.ITestResult)[pri:0, instance:testcases.VerifySearchFuntioanlityOnHomePage@1fde5d22]" started-at="2023-09-26T15:47:28 IST" name="testStatus" finished-at="2023-09-26T15:47:29 IST" duration-ms="428" status="PASS">
          <params>
            <param index="0">
              <value>
                <![CDATA[[TestResult name=matchingSearchedProduct status=SUCCESS method=VerifySearchFuntioanlityOnHomePage.matchingSearchedProduct()[pri:0, instance:testcases.VerifySearchFuntioanlityOnHomePage@1fde5d22] output={null}]]]>
              </value>
            </param>
          </params>
          <reporter-output>
          </reporter-output>
        </test-method> <!-- testStatus -->
      </class> <!-- testcases.VerifySearchFuntioanlityOnHomePage -->
    </test> <!-- Test -->
  </suite> <!-- Suite -->
</testng-results>
