<?xml version="1.0" encoding="UTF-8"?>
<testng-results ignored="0" total="14" passed="14" failed="0" skipped="0">
  <reporter-output>
  </reporter-output>
  <suite started-at="2023-09-26T12:33:01 IST" name="Suite" finished-at="2023-09-26T12:34:30 IST" duration-ms="89276">
    <groups>
    </groups>
    <test started-at="2023-09-26T12:33:01 IST" name="Test" finished-at="2023-09-26T12:34:30 IST" duration-ms="89276">
      <class name="testcases.VerifyProductDetailsInMiniBasket">
        <test-method is-config="true" signature="setUp(java.lang.reflect.Method)[pri:0, instance:testcases.VerifyProductDetailsInMiniBasket@2cb3d0f7]" started-at="2023-09-26T12:33:32 IST" name="setUp" finished-at="2023-09-26T12:33:36 IST" duration-ms="4625" status="PASS">
          <params>
            <param index="0">
              <value>
                <![CDATA[public void testcases.VerifyProductDetailsInMiniBasket.checkDetailsInMiniBasket()]]>
              </value>
            </param>
          </params>
          <reporter-output>
          </reporter-output>
        </test-method> <!-- setUp -->
        <test-method signature="checkDetailsInMiniBasket()[pri:0, instance:testcases.VerifyProductDetailsInMiniBasket@2cb3d0f7]" started-at="2023-09-26T12:33:36 IST" name="checkDetailsInMiniBasket" finished-at="2023-09-26T12:33:37 IST" duration-ms="919" status="PASS">
          <reporter-output>
          </reporter-output>
        </test-method> <!-- checkDetailsInMiniBasket -->
        <test-method is-config="true" signature="testStatus(org.testng.ITestResult)[pri:0, instance:testcases.VerifyProductDetailsInMiniBasket@2cb3d0f7]" started-at="2023-09-26T12:33:37 IST" name="testStatus" finished-at="2023-09-26T12:33:38 IST" duration-ms="438" status="PASS">
          <params>
            <param index="0">
              <value>
                <![CDATA[[TestResult name=checkDetailsInMiniBasket status=SUCCESS method=VerifyProductDetailsInMiniBasket.checkDetailsInMiniBasket()[pri:0, instance:testcases.VerifyProductDetailsInMiniBasket@2cb3d0f7] output={null}]]]>
              </value>
            </param>
          </params>
          <reporter-output>
          </reporter-output>
        </test-method> <!-- testStatus -->
      </class> <!-- testcases.VerifyProductDetailsInMiniBasket -->
      <class name="testcases.VerifyProductsAreDisplayedOnTheHomePage">
        <test-method is-config="true" signature="setUp(java.lang.reflect.Method)[pri:0, instance:testcases.VerifyProductsAreDisplayedOnTheHomePage@71ae31b0]" started-at="2023-09-26T12:33:01 IST" name="setUp" finished-at="2023-09-26T12:33:09 IST" duration-ms="8628" status="PASS">
          <params>
            <param index="0">
              <value>
                <![CDATA[public void testcases.VerifyProductsAreDisplayedOnTheHomePage.imageAreDisplayedOrNot()]]>
              </value>
            </param>
          </params>
          <reporter-output>
          </reporter-output>
        </test-method> <!-- setUp -->
        <test-method signature="imageAreDisplayedOrNot()[pri:0, instance:testcases.VerifyProductsAreDisplayedOnTheHomePage@71ae31b0]" started-at="2023-09-26T12:33:09 IST" name="imageAreDisplayedOrNot" finished-at="2023-09-26T12:33:09 IST" duration-ms="114" status="PASS">
          <reporter-output>
          </reporter-output>
        </test-method> <!-- imageAreDisplayedOrNot -->
        <test-method is-config="true" signature="testStatus(org.testng.ITestResult)[pri:0, instance:testcases.VerifyProductsAreDisplayedOnTheHomePage@71ae31b0]" started-at="2023-09-26T12:33:09 IST" name="testStatus" finished-at="2023-09-26T12:33:10 IST" duration-ms="677" status="PASS">
          <params>
            <param index="0">
              <value>
                <![CDATA[[TestResult name=imageAreDisplayedOrNot status=SUCCESS method=VerifyProductsAreDisplayedOnTheHomePage.imageAreDisplayedOrNot()[pri:0, instance:testcases.VerifyProductsAreDisplayedOnTheHomePage@71ae31b0] output={null}]]]>
              </value>
            </param>
          </params>
          <reporter-output>
          </reporter-output>
        </test-method> <!-- testStatus -->
      </class> <!-- testcases.VerifyProductsAreDisplayedOnTheHomePage -->
      <class name="testcases.VerifyProductImagePriceAndAddToCartButtonAreDisplayedForEachProduct">
        <test-method is-config="true" signature="setUp(java.lang.reflect.Method)[pri:0, instance:testcases.VerifyProductImagePriceAndAddToCartButtonAreDisplayedForEachProduct@6f0ca692]" started-at="2023-09-26T12:33:21 IST" name="setUp" finished-at="2023-09-26T12:33:25 IST" duration-ms="3821" status="PASS">
          <params>
            <param index="0">
              <value>
                <![CDATA[public void testcases.VerifyProductImagePriceAndAddToCartButtonAreDisplayedForEachProduct.verifyAllElements()]]>
              </value>
            </param>
          </params>
          <reporter-output>
          </reporter-output>
        </test-method> <!-- setUp -->
        <test-method signature="verifyAllElements()[pri:0, instance:testcases.VerifyProductImagePriceAndAddToCartButtonAreDisplayedForEachProduct@6f0ca692]" started-at="2023-09-26T12:33:25 IST" name="verifyAllElements" finished-at="2023-09-26T12:33:26 IST" duration-ms="901" status="PASS">
          <reporter-output>
          </reporter-output>
        </test-method> <!-- verifyAllElements -->
        <test-method is-config="true" signature="testStatus(org.testng.ITestResult)[pri:0, instance:testcases.VerifyProductImagePriceAndAddToCartButtonAreDisplayedForEachProduct@6f0ca692]" started-at="2023-09-26T12:33:26 IST" name="testStatus" finished-at="2023-09-26T12:33:27 IST" duration-ms="519" status="PASS">
          <params>
            <param index="0">
              <value>
                <![CDATA[[TestResult name=verifyAllElements status=SUCCESS method=VerifyProductImagePriceAndAddToCartButtonAreDisplayedForEachProduct.verifyAllElements()[pri:0, instance:testcases.VerifyProductImagePriceAndAddToCartButtonAreDisplayedForEachProduct@6f0ca692] output={null}]]]>
              </value>
            </param>
          </params>
          <reporter-output>
          </reporter-output>
        </test-method> <!-- testStatus -->
      </class> <!-- testcases.VerifyProductImagePriceAndAddToCartButtonAreDisplayedForEachProduct -->
      <class name="testcases.VerifyMultipleItemOrderType">
        <test-method is-config="true" signature="setUp(java.lang.reflect.Method)[pri:0, instance:testcases.VerifyMultipleItemOrderType@1d7f7be7]" started-at="2023-09-26T12:34:17 IST" name="setUp" finished-at="2023-09-26T12:34:21 IST" duration-ms="3886" status="PASS">
          <params>
            <param index="0">
              <value>
                <![CDATA[public void testcases.VerifyMultipleItemOrderType.VerifyMultiLIneOrder()]]>
              </value>
            </param>
          </params>
          <reporter-output>
          </reporter-output>
        </test-method> <!-- setUp -->
        <test-method signature="VerifyMultiLIneOrder()[pri:0, instance:testcases.VerifyMultipleItemOrderType@1d7f7be7]" started-at="2023-09-26T12:34:21 IST" name="VerifyMultiLIneOrder" finished-at="2023-09-26T12:34:23 IST" duration-ms="1688" status="PASS">
          <reporter-output>
          </reporter-output>
        </test-method> <!-- VerifyMultiLIneOrder -->
        <test-method is-config="true" signature="testStatus(org.testng.ITestResult)[pri:0, instance:testcases.VerifyMultipleItemOrderType@1d7f7be7]" started-at="2023-09-26T12:34:23 IST" name="testStatus" finished-at="2023-09-26T12:34:23 IST" duration-ms="781" status="PASS">
          <params>
            <param index="0">
              <value>
                <![CDATA[[TestResult name=VerifyMultiLIneOrder status=SUCCESS method=VerifyMultipleItemOrderType.VerifyMultiLIneOrder()[pri:0, instance:testcases.VerifyMultipleItemOrderType@1d7f7be7] output={null}]]]>
              </value>
            </param>
          </params>
          <reporter-output>
          </reporter-output>
        </test-method> <!-- testStatus -->
        <test-method is-config="true" signature="setUp(java.lang.reflect.Method)[pri:0, instance:testcases.VerifyMultipleItemOrderType@1d7f7be7]" started-at="2023-09-26T12:34:23 IST" name="setUp" finished-at="2023-09-26T12:34:27 IST" duration-ms="3743" status="PASS">
          <params>
            <param index="0">
              <value>
                <![CDATA[public void testcases.VerifyMultipleItemOrderType.VerifyMultiLineMultiQtyOrder()]]>
              </value>
            </param>
          </params>
          <reporter-output>
          </reporter-output>
        </test-method> <!-- setUp -->
        <test-method signature="VerifyMultiLineMultiQtyOrder()[pri:0, instance:testcases.VerifyMultipleItemOrderType@1d7f7be7]" started-at="2023-09-26T12:34:27 IST" name="VerifyMultiLineMultiQtyOrder" finished-at="2023-09-26T12:34:29 IST" duration-ms="2294" status="PASS">
          <reporter-output>
          </reporter-output>
        </test-method> <!-- VerifyMultiLineMultiQtyOrder -->
        <test-method is-config="true" signature="testStatus(org.testng.ITestResult)[pri:0, instance:testcases.VerifyMultipleItemOrderType@1d7f7be7]" started-at="2023-09-26T12:34:29 IST" name="testStatus" finished-at="2023-09-26T12:34:30 IST" duration-ms="478" status="PASS">
          <params>
            <param index="0">
              <value>
                <![CDATA[[TestResult name=VerifyMultiLineMultiQtyOrder status=SUCCESS method=VerifyMultipleItemOrderType.VerifyMultiLineMultiQtyOrder()[pri:0, instance:testcases.VerifyMultipleItemOrderType@1d7f7be7] output={null}]]]>
              </value>
            </param>
          </params>
          <reporter-output>
          </reporter-output>
        </test-method> <!-- testStatus -->
      </class> <!-- testcases.VerifyMultipleItemOrderType -->
      <class name="testcases.VerifyUserCanNavigateToTermsAndConditionsPage">
        <test-method is-config="true" signature="setUp(java.lang.reflect.Method)[pri:0, instance:testcases.VerifyUserCanNavigateToTermsAndConditionsPage@6a66a204]" started-at="2023-09-26T12:33:56 IST" name="setUp" finished-at="2023-09-26T12:34:01 IST" duration-ms="4312" status="PASS">
          <params>
            <param index="0">
              <value>
                <![CDATA[public void testcases.VerifyUserCanNavigateToTermsAndConditionsPage.NavigateToTermsAndConditionsPage()]]>
              </value>
            </param>
          </params>
          <reporter-output>
          </reporter-output>
        </test-method> <!-- setUp -->
        <test-method signature="NavigateToTermsAndConditionsPage()[pri:0, instance:testcases.VerifyUserCanNavigateToTermsAndConditionsPage@6a66a204]" started-at="2023-09-26T12:34:01 IST" name="NavigateToTermsAndConditionsPage" finished-at="2023-09-26T12:34:03 IST" duration-ms="2284" status="PASS">
          <reporter-output>
          </reporter-output>
        </test-method> <!-- NavigateToTermsAndConditionsPage -->
        <test-method is-config="true" signature="testStatus(org.testng.ITestResult)[pri:0, instance:testcases.VerifyUserCanNavigateToTermsAndConditionsPage@6a66a204]" started-at="2023-09-26T12:34:03 IST" name="testStatus" finished-at="2023-09-26T12:34:04 IST" duration-ms="545" status="PASS">
          <params>
            <param index="0">
              <value>
                <![CDATA[[TestResult name=NavigateToTermsAndConditionsPage status=SUCCESS method=VerifyUserCanNavigateToTermsAndConditionsPage.NavigateToTermsAndConditionsPage()[pri:0, instance:testcases.VerifyUserCanNavigateToTermsAndConditionsPage@6a66a204] output={null}]]]>
              </value>
            </param>
          </params>
          <reporter-output>
          </reporter-output>
        </test-method> <!-- testStatus -->
      </class> <!-- testcases.VerifyUserCanNavigateToTermsAndConditionsPage -->
      <class name="testcases.VerifyOrderCannotBePlacedWithoutSelectingTermsAndConditions">
        <test-method is-config="true" signature="setUp(java.lang.reflect.Method)[pri:0, instance:testcases.VerifyOrderCannotBePlacedWithoutSelectingTermsAndConditions@44e3760b]" started-at="2023-09-26T12:33:44 IST" name="setUp" finished-at="2023-09-26T12:33:47 IST" duration-ms="3836" status="PASS">
          <params>
            <param index="0">
              <value>
                <![CDATA[public void testcases.VerifyOrderCannotBePlacedWithoutSelectingTermsAndConditions.FailingTestCase_notSelectTermsAndCondition() throws java.lang.InterruptedException]]>
              </value>
            </param>
          </params>
          <reporter-output>
          </reporter-output>
        </test-method> <!-- setUp -->
        <test-method signature="FailingTestCase_notSelectTermsAndCondition()[pri:0, instance:testcases.VerifyOrderCannotBePlacedWithoutSelectingTermsAndConditions@44e3760b]" started-at="2023-09-26T12:33:47 IST" name="FailingTestCase_notSelectTermsAndCondition" finished-at="2023-09-26T12:33:50 IST" duration-ms="2133" status="PASS">
          <reporter-output>
          </reporter-output>
        </test-method> <!-- FailingTestCase_notSelectTermsAndCondition -->
        <test-method is-config="true" signature="testStatus(org.testng.ITestResult)[pri:0, instance:testcases.VerifyOrderCannotBePlacedWithoutSelectingTermsAndConditions@44e3760b]" started-at="2023-09-26T12:33:50 IST" name="testStatus" finished-at="2023-09-26T12:33:50 IST" duration-ms="470" status="PASS">
          <params>
            <param index="0">
              <value>
                <![CDATA[[TestResult name=FailingTestCase_notSelectTermsAndCondition status=SUCCESS method=VerifyOrderCannotBePlacedWithoutSelectingTermsAndConditions.FailingTestCase_notSelectTermsAndCondition()[pri:0, instance:testcases.VerifyOrderCannotBePlacedWithoutSelectingTermsAndConditions@44e3760b] output={null}]]]>
              </value>
            </param>
          </params>
          <reporter-output>
          </reporter-output>
        </test-method> <!-- testStatus -->
        <test-method is-config="true" signature="setUp(java.lang.reflect.Method)[pri:0, instance:testcases.VerifyOrderCannotBePlacedWithoutSelectingTermsAndConditions@44e3760b]" started-at="2023-09-26T12:33:50 IST" name="setUp" finished-at="2023-09-26T12:33:54 IST" duration-ms="4135" status="PASS">
          <params>
            <param index="0">
              <value>
                <![CDATA[public void testcases.VerifyOrderCannotBePlacedWithoutSelectingTermsAndConditions.selectTermsAndCondition() throws java.lang.InterruptedException]]>
              </value>
            </param>
          </params>
          <reporter-output>
          </reporter-output>
        </test-method> <!-- setUp -->
        <test-method signature="selectTermsAndCondition()[pri:0, instance:testcases.VerifyOrderCannotBePlacedWithoutSelectingTermsAndConditions@44e3760b]" started-at="2023-09-26T12:33:54 IST" name="selectTermsAndCondition" finished-at="2023-09-26T12:33:56 IST" duration-ms="1923" status="PASS">
          <reporter-output>
          </reporter-output>
        </test-method> <!-- selectTermsAndCondition -->
        <test-method is-config="true" signature="testStatus(org.testng.ITestResult)[pri:0, instance:testcases.VerifyOrderCannotBePlacedWithoutSelectingTermsAndConditions@44e3760b]" started-at="2023-09-26T12:33:56 IST" name="testStatus" finished-at="2023-09-26T12:33:56 IST" duration-ms="366" status="PASS">
          <params>
            <param index="0">
              <value>
                <![CDATA[[TestResult name=selectTermsAndCondition status=SUCCESS method=VerifyOrderCannotBePlacedWithoutSelectingTermsAndConditions.selectTermsAndCondition()[pri:0, instance:testcases.VerifyOrderCannotBePlacedWithoutSelectingTermsAndConditions@44e3760b] output={null}]]]>
              </value>
            </param>
          </params>
          <reporter-output>
          </reporter-output>
        </test-method> <!-- testStatus -->
      </class> <!-- testcases.VerifyOrderCannotBePlacedWithoutSelectingTermsAndConditions -->
      <class name="testcases.VerifyAddToCartFuntionality">
        <test-method is-config="true" signature="setUp(java.lang.reflect.Method)[pri:0, instance:testcases.VerifyAddToCartFuntionality@2c104774]" started-at="2023-09-26T12:33:27 IST" name="setUp" finished-at="2023-09-26T12:33:31 IST" duration-ms="4257" status="PASS">
          <params>
            <param index="0">
              <value>
                <![CDATA[public void testcases.VerifyAddToCartFuntionality.AddToCart()]]>
              </value>
            </param>
          </params>
          <reporter-output>
          </reporter-output>
        </test-method> <!-- setUp -->
        <test-method signature="AddToCart()[pri:0, instance:testcases.VerifyAddToCartFuntionality@2c104774]" started-at="2023-09-26T12:33:31 IST" name="AddToCart" finished-at="2023-09-26T12:33:31 IST" duration-ms="381" status="PASS">
          <reporter-output>
          </reporter-output>
        </test-method> <!-- AddToCart -->
        <test-method is-config="true" signature="testStatus(org.testng.ITestResult)[pri:0, instance:testcases.VerifyAddToCartFuntionality@2c104774]" started-at="2023-09-26T12:33:31 IST" name="testStatus" finished-at="2023-09-26T12:33:32 IST" duration-ms="571" status="PASS">
          <params>
            <param index="0">
              <value>
                <![CDATA[[TestResult name=AddToCart status=SUCCESS method=VerifyAddToCartFuntionality.AddToCart()[pri:0, instance:testcases.VerifyAddToCartFuntionality@2c104774] output={null}]]]>
              </value>
            </param>
          </params>
          <reporter-output>
          </reporter-output>
        </test-method> <!-- testStatus -->
      </class> <!-- testcases.VerifyAddToCartFuntionality -->
      <class name="testcases.VerifyProductDetailsInCheckoutPage">
        <test-method is-config="true" signature="setUp(java.lang.reflect.Method)[pri:0, instance:testcases.VerifyProductDetailsInCheckoutPage@4e517165]" started-at="2023-09-26T12:33:38 IST" name="setUp" finished-at="2023-09-26T12:33:42 IST" duration-ms="3832" status="PASS">
          <params>
            <param index="0">
              <value>
                <![CDATA[public void testcases.VerifyProductDetailsInCheckoutPage.checkoutPage()]]>
              </value>
            </param>
          </params>
          <reporter-output>
          </reporter-output>
        </test-method> <!-- setUp -->
        <test-method signature="checkoutPage()[pri:0, instance:testcases.VerifyProductDetailsInCheckoutPage@4e517165]" started-at="2023-09-26T12:33:42 IST" name="checkoutPage" finished-at="2023-09-26T12:33:43 IST" duration-ms="1613" status="PASS">
          <reporter-output>
          </reporter-output>
        </test-method> <!-- checkoutPage -->
        <test-method is-config="true" signature="testStatus(org.testng.ITestResult)[pri:0, instance:testcases.VerifyProductDetailsInCheckoutPage@4e517165]" started-at="2023-09-26T12:33:43 IST" name="testStatus" finished-at="2023-09-26T12:33:44 IST" duration-ms="416" status="PASS">
          <params>
            <param index="0">
              <value>
                <![CDATA[[TestResult name=checkoutPage status=SUCCESS method=VerifyProductDetailsInCheckoutPage.checkoutPage()[pri:0, instance:testcases.VerifyProductDetailsInCheckoutPage@4e517165] output={null}]]]>
              </value>
            </param>
          </params>
          <reporter-output>
          </reporter-output>
        </test-method> <!-- testStatus -->
      </class> <!-- testcases.VerifyProductDetailsInCheckoutPage -->
      <class name="testcases.VerifySingleItemOrderType">
        <test-method is-config="true" signature="setUp(java.lang.reflect.Method)[pri:0, instance:testcases.VerifySingleItemOrderType@5860f3d7]" started-at="2023-09-26T12:34:04 IST" name="setUp" finished-at="2023-09-26T12:34:08 IST" duration-ms="4556" status="PASS">
          <params>
            <param index="0">
              <value>
                <![CDATA[public void testcases.VerifySingleItemOrderType.VerifySingleLineMultiQtyOrder()]]>
              </value>
            </param>
          </params>
          <reporter-output>
          </reporter-output>
        </test-method> <!-- setUp -->
        <test-method signature="VerifySingleLineMultiQtyOrder()[pri:0, instance:testcases.VerifySingleItemOrderType@5860f3d7]" started-at="2023-09-26T12:34:08 IST" name="VerifySingleLineMultiQtyOrder" finished-at="2023-09-26T12:34:10 IST" duration-ms="1733" status="PASS">
          <reporter-output>
          </reporter-output>
        </test-method> <!-- VerifySingleLineMultiQtyOrder -->
        <test-method is-config="true" signature="testStatus(org.testng.ITestResult)[pri:0, instance:testcases.VerifySingleItemOrderType@5860f3d7]" started-at="2023-09-26T12:34:10 IST" name="testStatus" finished-at="2023-09-26T12:34:10 IST" duration-ms="485" status="PASS">
          <params>
            <param index="0">
              <value>
                <![CDATA[[TestResult name=VerifySingleLineMultiQtyOrder status=SUCCESS method=VerifySingleItemOrderType.VerifySingleLineMultiQtyOrder()[pri:0, instance:testcases.VerifySingleItemOrderType@5860f3d7] output={null}]]]>
              </value>
            </param>
          </params>
          <reporter-output>
          </reporter-output>
        </test-method> <!-- testStatus -->
        <test-method is-config="true" signature="setUp(java.lang.reflect.Method)[pri:0, instance:testcases.VerifySingleItemOrderType@5860f3d7]" started-at="2023-09-26T12:34:10 IST" name="setUp" finished-at="2023-09-26T12:34:15 IST" duration-ms="4301" status="PASS">
          <params>
            <param index="0">
              <value>
                <![CDATA[public void testcases.VerifySingleItemOrderType.VerifySingleLineOrder()]]>
              </value>
            </param>
          </params>
          <reporter-output>
          </reporter-output>
        </test-method> <!-- setUp -->
        <test-method signature="VerifySingleLineOrder()[pri:0, instance:testcases.VerifySingleItemOrderType@5860f3d7]" started-at="2023-09-26T12:34:15 IST" name="VerifySingleLineOrder" finished-at="2023-09-26T12:34:17 IST" duration-ms="1810" status="PASS">
          <reporter-output>
          </reporter-output>
        </test-method> <!-- VerifySingleLineOrder -->
        <test-method is-config="true" signature="testStatus(org.testng.ITestResult)[pri:0, instance:testcases.VerifySingleItemOrderType@5860f3d7]" started-at="2023-09-26T12:34:17 IST" name="testStatus" finished-at="2023-09-26T12:34:17 IST" duration-ms="449" status="PASS">
          <params>
            <param index="0">
              <value>
                <![CDATA[[TestResult name=VerifySingleLineOrder status=SUCCESS method=VerifySingleItemOrderType.VerifySingleLineOrder()[pri:0, instance:testcases.VerifySingleItemOrderType@5860f3d7] output={null}]]]>
              </value>
            </param>
          </params>
          <reporter-output>
          </reporter-output>
        </test-method> <!-- testStatus -->
      </class> <!-- testcases.VerifySingleItemOrderType -->
      <class name="testcases.VerifySearchFuntioanlityOnHomePage">
        <test-method is-config="true" signature="setUp(java.lang.reflect.Method)[pri:0, instance:testcases.VerifySearchFuntioanlityOnHomePage@4ba534b0]" started-at="2023-09-26T12:33:10 IST" name="setUp" finished-at="2023-09-26T12:33:15 IST" duration-ms="4713" status="PASS">
          <params>
            <param index="0">
              <value>
                <![CDATA[public void testcases.VerifySearchFuntioanlityOnHomePage.FailedTestcase_matchingSearchedProduct()]]>
              </value>
            </param>
          </params>
          <reporter-output>
          </reporter-output>
        </test-method> <!-- setUp -->
        <test-method signature="FailedTestcase_matchingSearchedProduct()[pri:0, instance:testcases.VerifySearchFuntioanlityOnHomePage@4ba534b0]" started-at="2023-09-26T12:33:15 IST" name="FailedTestcase_matchingSearchedProduct" finished-at="2023-09-26T12:33:15 IST" duration-ms="568" status="PASS">
          <reporter-output>
          </reporter-output>
        </test-method> <!-- FailedTestcase_matchingSearchedProduct -->
        <test-method is-config="true" signature="testStatus(org.testng.ITestResult)[pri:0, instance:testcases.VerifySearchFuntioanlityOnHomePage@4ba534b0]" started-at="2023-09-26T12:33:15 IST" name="testStatus" finished-at="2023-09-26T12:33:16 IST" duration-ms="577" status="PASS">
          <params>
            <param index="0">
              <value>
                <![CDATA[[TestResult name=FailedTestcase_matchingSearchedProduct status=SUCCESS method=VerifySearchFuntioanlityOnHomePage.FailedTestcase_matchingSearchedProduct()[pri:0, instance:testcases.VerifySearchFuntioanlityOnHomePage@4ba534b0] output={null}]]]>
              </value>
            </param>
          </params>
          <reporter-output>
          </reporter-output>
        </test-method> <!-- testStatus -->
        <test-method is-config="true" signature="setUp(java.lang.reflect.Method)[pri:0, instance:testcases.VerifySearchFuntioanlityOnHomePage@4ba534b0]" started-at="2023-09-26T12:33:16 IST" name="setUp" finished-at="2023-09-26T12:33:20 IST" duration-ms="4122" status="PASS">
          <params>
            <param index="0">
              <value>
                <![CDATA[public void testcases.VerifySearchFuntioanlityOnHomePage.matchingSearchedProduct()]]>
              </value>
            </param>
          </params>
          <reporter-output>
          </reporter-output>
        </test-method> <!-- setUp -->
        <test-method signature="matchingSearchedProduct()[pri:0, instance:testcases.VerifySearchFuntioanlityOnHomePage@4ba534b0]" started-at="2023-09-26T12:33:20 IST" name="matchingSearchedProduct" finished-at="2023-09-26T12:33:21 IST" duration-ms="731" status="PASS">
          <reporter-output>
          </reporter-output>
        </test-method> <!-- matchingSearchedProduct -->
        <test-method is-config="true" signature="testStatus(org.testng.ITestResult)[pri:0, instance:testcases.VerifySearchFuntioanlityOnHomePage@4ba534b0]" started-at="2023-09-26T12:33:21 IST" name="testStatus" finished-at="2023-09-26T12:33:21 IST" duration-ms="551" status="PASS">
          <params>
            <param index="0">
              <value>
                <![CDATA[[TestResult name=matchingSearchedProduct status=SUCCESS method=VerifySearchFuntioanlityOnHomePage.matchingSearchedProduct()[pri:0, instance:testcases.VerifySearchFuntioanlityOnHomePage@4ba534b0] output={null}]]]>
              </value>
            </param>
          </params>
          <reporter-output>
          </reporter-output>
        </test-method> <!-- testStatus -->
      </class> <!-- testcases.VerifySearchFuntioanlityOnHomePage -->
    </test> <!-- Test -->
  </suite> <!-- Suite -->
</testng-results>
