<?xml version="1.0" encoding="UTF-8"?>
<testng-results ignored="0" total="14" passed="14" failed="0" skipped="0">
  <reporter-output>
  </reporter-output>
  <suite started-at="2023-09-26T15:22:10 IST" name="Suite" finished-at="2023-09-26T15:24:31 IST" duration-ms="141471">
    <groups>
    </groups>
    <test started-at="2023-09-26T15:22:10 IST" name="Test" finished-at="2023-09-26T15:24:31 IST" duration-ms="141471">
      <class name="testcases.VerifyProductDetailsInMiniBasket">
        <test-method is-config="true" signature="setUp(java.lang.reflect.Method)[pri:0, instance:testcases.VerifyProductDetailsInMiniBasket@2cb3d0f7]" started-at="2023-09-26T15:23:01 IST" name="setUp" finished-at="2023-09-26T15:23:06 IST" duration-ms="5886" status="PASS">
          <params>
            <param index="0">
              <value>
                <![CDATA[public void testcases.VerifyProductDetailsInMiniBasket.checkDetailsInMiniBasket()]]>
              </value>
            </param>
          </params>
          <reporter-output>
          </reporter-output>
        </test-method> <!-- setUp -->
        <test-method signature="checkDetailsInMiniBasket()[pri:0, instance:testcases.VerifyProductDetailsInMiniBasket@2cb3d0f7]" started-at="2023-09-26T15:23:06 IST" name="checkDetailsInMiniBasket" finished-at="2023-09-26T15:23:08 IST" duration-ms="1301" status="PASS">
          <reporter-output>
          </reporter-output>
        </test-method> <!-- checkDetailsInMiniBasket -->
        <test-method is-config="true" signature="testStatus(org.testng.ITestResult)[pri:0, instance:testcases.VerifyProductDetailsInMiniBasket@2cb3d0f7]" started-at="2023-09-26T15:23:08 IST" name="testStatus" finished-at="2023-09-26T15:23:09 IST" duration-ms="1284" status="PASS">
          <params>
            <param index="0">
              <value>
                <![CDATA[[TestResult name=checkDetailsInMiniBasket status=SUCCESS method=VerifyProductDetailsInMiniBasket.checkDetailsInMiniBasket()[pri:0, instance:testcases.VerifyProductDetailsInMiniBasket@2cb3d0f7] output={null}]]]>
              </value>
            </param>
          </params>
          <reporter-output>
          </reporter-output>
        </test-method> <!-- testStatus -->
      </class> <!-- testcases.VerifyProductDetailsInMiniBasket -->
      <class name="testcases.VerifyProductsAreDisplayedOnTheHomePage">
        <test-method is-config="true" signature="setUp(java.lang.reflect.Method)[pri:0, instance:testcases.VerifyProductsAreDisplayedOnTheHomePage@71ae31b0]" started-at="2023-09-26T15:22:10 IST" name="setUp" finished-at="2023-09-26T15:22:22 IST" duration-ms="12362" status="PASS">
          <params>
            <param index="0">
              <value>
                <![CDATA[public void testcases.VerifyProductsAreDisplayedOnTheHomePage.imageAreDisplayedOrNot()]]>
              </value>
            </param>
          </params>
          <reporter-output>
          </reporter-output>
        </test-method> <!-- setUp -->
        <test-method signature="imageAreDisplayedOrNot()[pri:0, instance:testcases.VerifyProductsAreDisplayedOnTheHomePage@71ae31b0]" started-at="2023-09-26T15:22:22 IST" name="imageAreDisplayedOrNot" finished-at="2023-09-26T15:22:22 IST" duration-ms="142" status="PASS">
          <reporter-output>
          </reporter-output>
        </test-method> <!-- imageAreDisplayedOrNot -->
        <test-method is-config="true" signature="testStatus(org.testng.ITestResult)[pri:0, instance:testcases.VerifyProductsAreDisplayedOnTheHomePage@71ae31b0]" started-at="2023-09-26T15:22:22 IST" name="testStatus" finished-at="2023-09-26T15:22:24 IST" duration-ms="2008" status="PASS">
          <params>
            <param index="0">
              <value>
                <![CDATA[[TestResult name=imageAreDisplayedOrNot status=SUCCESS method=VerifyProductsAreDisplayedOnTheHomePage.imageAreDisplayedOrNot()[pri:0, instance:testcases.VerifyProductsAreDisplayedOnTheHomePage@71ae31b0] output={null}]]]>
              </value>
            </param>
          </params>
          <reporter-output>
          </reporter-output>
        </test-method> <!-- testStatus -->
      </class> <!-- testcases.VerifyProductsAreDisplayedOnTheHomePage -->
      <class name="testcases.VerifyProductImagePriceAndAddToCartButtonAreDisplayedForEachProduct">
        <test-method is-config="true" signature="setUp(java.lang.reflect.Method)[pri:0, instance:testcases.VerifyProductImagePriceAndAddToCartButtonAreDisplayedForEachProduct@6f0ca692]" started-at="2023-09-26T15:22:42 IST" name="setUp" finished-at="2023-09-26T15:22:48 IST" duration-ms="6084" status="PASS">
          <params>
            <param index="0">
              <value>
                <![CDATA[public void testcases.VerifyProductImagePriceAndAddToCartButtonAreDisplayedForEachProduct.verifyAllElements()]]>
              </value>
            </param>
          </params>
          <reporter-output>
          </reporter-output>
        </test-method> <!-- setUp -->
        <test-method signature="verifyAllElements()[pri:0, instance:testcases.VerifyProductImagePriceAndAddToCartButtonAreDisplayedForEachProduct@6f0ca692]" started-at="2023-09-26T15:22:48 IST" name="verifyAllElements" finished-at="2023-09-26T15:22:49 IST" duration-ms="1101" status="PASS">
          <reporter-output>
          </reporter-output>
        </test-method> <!-- verifyAllElements -->
        <test-method is-config="true" signature="testStatus(org.testng.ITestResult)[pri:0, instance:testcases.VerifyProductImagePriceAndAddToCartButtonAreDisplayedForEachProduct@6f0ca692]" started-at="2023-09-26T15:22:49 IST" name="testStatus" finished-at="2023-09-26T15:22:50 IST" duration-ms="1315" status="PASS">
          <params>
            <param index="0">
              <value>
                <![CDATA[[TestResult name=verifyAllElements status=SUCCESS method=VerifyProductImagePriceAndAddToCartButtonAreDisplayedForEachProduct.verifyAllElements()[pri:0, instance:testcases.VerifyProductImagePriceAndAddToCartButtonAreDisplayedForEachProduct@6f0ca692] output={null}]]]>
              </value>
            </param>
          </params>
          <reporter-output>
          </reporter-output>
        </test-method> <!-- testStatus -->
      </class> <!-- testcases.VerifyProductImagePriceAndAddToCartButtonAreDisplayedForEachProduct -->
      <class name="testcases.VerifyMultipleItemOrderType">
        <test-method is-config="true" signature="setUp(java.lang.reflect.Method)[pri:0, instance:testcases.VerifyMultipleItemOrderType@1d7f7be7]" started-at="2023-09-26T15:24:08 IST" name="setUp" finished-at="2023-09-26T15:24:14 IST" duration-ms="5866" status="PASS">
          <params>
            <param index="0">
              <value>
                <![CDATA[public void testcases.VerifyMultipleItemOrderType.VerifyMultiLIneOrder()]]>
              </value>
            </param>
          </params>
          <reporter-output>
          </reporter-output>
        </test-method> <!-- setUp -->
        <test-method signature="VerifyMultiLIneOrder()[pri:0, instance:testcases.VerifyMultipleItemOrderType@1d7f7be7]" started-at="2023-09-26T15:24:14 IST" name="VerifyMultiLIneOrder" finished-at="2023-09-26T15:24:16 IST" duration-ms="2776" status="PASS">
          <reporter-output>
          </reporter-output>
        </test-method> <!-- VerifyMultiLIneOrder -->
        <test-method is-config="true" signature="testStatus(org.testng.ITestResult)[pri:0, instance:testcases.VerifyMultipleItemOrderType@1d7f7be7]" started-at="2023-09-26T15:24:16 IST" name="testStatus" finished-at="2023-09-26T15:24:18 IST" duration-ms="1274" status="PASS">
          <params>
            <param index="0">
              <value>
                <![CDATA[[TestResult name=VerifyMultiLIneOrder status=SUCCESS method=VerifyMultipleItemOrderType.VerifyMultiLIneOrder()[pri:0, instance:testcases.VerifyMultipleItemOrderType@1d7f7be7] output={null}]]]>
              </value>
            </param>
          </params>
          <reporter-output>
          </reporter-output>
        </test-method> <!-- testStatus -->
        <test-method is-config="true" signature="setUp(java.lang.reflect.Method)[pri:0, instance:testcases.VerifyMultipleItemOrderType@1d7f7be7]" started-at="2023-09-26T15:24:18 IST" name="setUp" finished-at="2023-09-26T15:24:25 IST" duration-ms="7241" status="PASS">
          <params>
            <param index="0">
              <value>
                <![CDATA[public void testcases.VerifyMultipleItemOrderType.VerifyMultiLineMultiQtyOrder()]]>
              </value>
            </param>
          </params>
          <reporter-output>
          </reporter-output>
        </test-method> <!-- setUp -->
        <test-method signature="VerifyMultiLineMultiQtyOrder()[pri:0, instance:testcases.VerifyMultipleItemOrderType@1d7f7be7]" started-at="2023-09-26T15:24:25 IST" name="VerifyMultiLineMultiQtyOrder" finished-at="2023-09-26T15:24:30 IST" duration-ms="4798" status="PASS">
          <reporter-output>
          </reporter-output>
        </test-method> <!-- VerifyMultiLineMultiQtyOrder -->
        <test-method is-config="true" signature="testStatus(org.testng.ITestResult)[pri:0, instance:testcases.VerifyMultipleItemOrderType@1d7f7be7]" started-at="2023-09-26T15:24:30 IST" name="testStatus" finished-at="2023-09-26T15:24:31 IST" duration-ms="1300" status="PASS">
          <params>
            <param index="0">
              <value>
                <![CDATA[[TestResult name=VerifyMultiLineMultiQtyOrder status=SUCCESS method=VerifyMultipleItemOrderType.VerifyMultiLineMultiQtyOrder()[pri:0, instance:testcases.VerifyMultipleItemOrderType@1d7f7be7] output={null}]]]>
              </value>
            </param>
          </params>
          <reporter-output>
          </reporter-output>
        </test-method> <!-- testStatus -->
      </class> <!-- testcases.VerifyMultipleItemOrderType -->
      <class name="testcases.VerifyUserCanNavigateToTermsAndConditionsPage">
        <test-method is-config="true" signature="setUp(java.lang.reflect.Method)[pri:0, instance:testcases.VerifyUserCanNavigateToTermsAndConditionsPage@6a66a204]" started-at="2023-09-26T15:23:37 IST" name="setUp" finished-at="2023-09-26T15:23:43 IST" duration-ms="5958" status="PASS">
          <params>
            <param index="0">
              <value>
                <![CDATA[public void testcases.VerifyUserCanNavigateToTermsAndConditionsPage.NavigateToTermsAndConditionsPage()]]>
              </value>
            </param>
          </params>
          <reporter-output>
          </reporter-output>
        </test-method> <!-- setUp -->
        <test-method signature="NavigateToTermsAndConditionsPage()[pri:0, instance:testcases.VerifyUserCanNavigateToTermsAndConditionsPage@6a66a204]" started-at="2023-09-26T15:23:43 IST" name="NavigateToTermsAndConditionsPage" finished-at="2023-09-26T15:23:46 IST" duration-ms="2315" status="PASS">
          <reporter-output>
          </reporter-output>
        </test-method> <!-- NavigateToTermsAndConditionsPage -->
        <test-method is-config="true" signature="testStatus(org.testng.ITestResult)[pri:0, instance:testcases.VerifyUserCanNavigateToTermsAndConditionsPage@6a66a204]" started-at="2023-09-26T15:23:46 IST" name="testStatus" finished-at="2023-09-26T15:23:47 IST" duration-ms="1365" status="PASS">
          <params>
            <param index="0">
              <value>
                <![CDATA[[TestResult name=NavigateToTermsAndConditionsPage status=SUCCESS method=VerifyUserCanNavigateToTermsAndConditionsPage.NavigateToTermsAndConditionsPage()[pri:0, instance:testcases.VerifyUserCanNavigateToTermsAndConditionsPage@6a66a204] output={null}]]]>
              </value>
            </param>
          </params>
          <reporter-output>
          </reporter-output>
        </test-method> <!-- testStatus -->
      </class> <!-- testcases.VerifyUserCanNavigateToTermsAndConditionsPage -->
      <class name="testcases.VerifyOrderCannotBePlacedWithoutSelectingTermsAndConditions">
        <test-method is-config="true" signature="setUp(java.lang.reflect.Method)[pri:0, instance:testcases.VerifyOrderCannotBePlacedWithoutSelectingTermsAndConditions@44e3760b]" started-at="2023-09-26T15:23:18 IST" name="setUp" finished-at="2023-09-26T15:23:24 IST" duration-ms="5721" status="PASS">
          <params>
            <param index="0">
              <value>
                <![CDATA[public void testcases.VerifyOrderCannotBePlacedWithoutSelectingTermsAndConditions.FailingTestCase_notSelectTermsAndCondition() throws java.lang.InterruptedException]]>
              </value>
            </param>
          </params>
          <reporter-output>
          </reporter-output>
        </test-method> <!-- setUp -->
        <test-method signature="FailingTestCase_notSelectTermsAndCondition()[pri:0, instance:testcases.VerifyOrderCannotBePlacedWithoutSelectingTermsAndConditions@44e3760b]" started-at="2023-09-26T15:23:24 IST" name="FailingTestCase_notSelectTermsAndCondition" finished-at="2023-09-26T15:23:26 IST" duration-ms="2379" status="PASS">
          <reporter-output>
          </reporter-output>
        </test-method> <!-- FailingTestCase_notSelectTermsAndCondition -->
        <test-method is-config="true" signature="testStatus(org.testng.ITestResult)[pri:0, instance:testcases.VerifyOrderCannotBePlacedWithoutSelectingTermsAndConditions@44e3760b]" started-at="2023-09-26T15:23:26 IST" name="testStatus" finished-at="2023-09-26T15:23:27 IST" duration-ms="1159" status="PASS">
          <params>
            <param index="0">
              <value>
                <![CDATA[[TestResult name=FailingTestCase_notSelectTermsAndCondition status=SUCCESS method=VerifyOrderCannotBePlacedWithoutSelectingTermsAndConditions.FailingTestCase_notSelectTermsAndCondition()[pri:0, instance:testcases.VerifyOrderCannotBePlacedWithoutSelectingTermsAndConditions@44e3760b] output={null}]]]>
              </value>
            </param>
          </params>
          <reporter-output>
          </reporter-output>
        </test-method> <!-- testStatus -->
        <test-method is-config="true" signature="setUp(java.lang.reflect.Method)[pri:0, instance:testcases.VerifyOrderCannotBePlacedWithoutSelectingTermsAndConditions@44e3760b]" started-at="2023-09-26T15:23:27 IST" name="setUp" finished-at="2023-09-26T15:23:33 IST" duration-ms="6024" status="PASS">
          <params>
            <param index="0">
              <value>
                <![CDATA[public void testcases.VerifyOrderCannotBePlacedWithoutSelectingTermsAndConditions.selectTermsAndCondition() throws java.lang.InterruptedException]]>
              </value>
            </param>
          </params>
          <reporter-output>
          </reporter-output>
        </test-method> <!-- setUp -->
        <test-method signature="selectTermsAndCondition()[pri:0, instance:testcases.VerifyOrderCannotBePlacedWithoutSelectingTermsAndConditions@44e3760b]" started-at="2023-09-26T15:23:33 IST" name="selectTermsAndCondition" finished-at="2023-09-26T15:23:36 IST" duration-ms="2734" status="PASS">
          <reporter-output>
          </reporter-output>
        </test-method> <!-- selectTermsAndCondition -->
        <test-method is-config="true" signature="testStatus(org.testng.ITestResult)[pri:0, instance:testcases.VerifyOrderCannotBePlacedWithoutSelectingTermsAndConditions@44e3760b]" started-at="2023-09-26T15:23:36 IST" name="testStatus" finished-at="2023-09-26T15:23:37 IST" duration-ms="1286" status="PASS">
          <params>
            <param index="0">
              <value>
                <![CDATA[[TestResult name=selectTermsAndCondition status=SUCCESS method=VerifyOrderCannotBePlacedWithoutSelectingTermsAndConditions.selectTermsAndCondition()[pri:0, instance:testcases.VerifyOrderCannotBePlacedWithoutSelectingTermsAndConditions@44e3760b] output={null}]]]>
              </value>
            </param>
          </params>
          <reporter-output>
          </reporter-output>
        </test-method> <!-- testStatus -->
      </class> <!-- testcases.VerifyOrderCannotBePlacedWithoutSelectingTermsAndConditions -->
      <class name="testcases.VerifyAddToCartFuntionality">
        <test-method is-config="true" signature="setUp(java.lang.reflect.Method)[pri:0, instance:testcases.VerifyAddToCartFuntionality@2c104774]" started-at="2023-09-26T15:22:50 IST" name="setUp" finished-at="2023-09-26T15:22:58 IST" duration-ms="7763" status="PASS">
          <params>
            <param index="0">
              <value>
                <![CDATA[public void testcases.VerifyAddToCartFuntionality.AddToCart()]]>
              </value>
            </param>
          </params>
          <reporter-output>
          </reporter-output>
        </test-method> <!-- setUp -->
        <test-method signature="AddToCart()[pri:0, instance:testcases.VerifyAddToCartFuntionality@2c104774]" started-at="2023-09-26T15:22:58 IST" name="AddToCart" finished-at="2023-09-26T15:22:59 IST" duration-ms="1023" status="PASS">
          <reporter-output>
          </reporter-output>
        </test-method> <!-- AddToCart -->
        <test-method is-config="true" signature="testStatus(org.testng.ITestResult)[pri:0, instance:testcases.VerifyAddToCartFuntionality@2c104774]" started-at="2023-09-26T15:22:59 IST" name="testStatus" finished-at="2023-09-26T15:23:01 IST" duration-ms="1431" status="PASS">
          <params>
            <param index="0">
              <value>
                <![CDATA[[TestResult name=AddToCart status=SUCCESS method=VerifyAddToCartFuntionality.AddToCart()[pri:0, instance:testcases.VerifyAddToCartFuntionality@2c104774] output={null}]]]>
              </value>
            </param>
          </params>
          <reporter-output>
          </reporter-output>
        </test-method> <!-- testStatus -->
      </class> <!-- testcases.VerifyAddToCartFuntionality -->
      <class name="testcases.VerifyProductDetailsInCheckoutPage">
        <test-method is-config="true" signature="setUp(java.lang.reflect.Method)[pri:0, instance:testcases.VerifyProductDetailsInCheckoutPage@4e517165]" started-at="2023-09-26T15:23:09 IST" name="setUp" finished-at="2023-09-26T15:23:15 IST" duration-ms="5606" status="PASS">
          <params>
            <param index="0">
              <value>
                <![CDATA[public void testcases.VerifyProductDetailsInCheckoutPage.checkoutPage()]]>
              </value>
            </param>
          </params>
          <reporter-output>
          </reporter-output>
        </test-method> <!-- setUp -->
        <test-method signature="checkoutPage()[pri:0, instance:testcases.VerifyProductDetailsInCheckoutPage@4e517165]" started-at="2023-09-26T15:23:15 IST" name="checkoutPage" finished-at="2023-09-26T15:23:16 IST" duration-ms="1779" status="PASS">
          <reporter-output>
          </reporter-output>
        </test-method> <!-- checkoutPage -->
        <test-method is-config="true" signature="testStatus(org.testng.ITestResult)[pri:0, instance:testcases.VerifyProductDetailsInCheckoutPage@4e517165]" started-at="2023-09-26T15:23:16 IST" name="testStatus" finished-at="2023-09-26T15:23:18 IST" duration-ms="1504" status="PASS">
          <params>
            <param index="0">
              <value>
                <![CDATA[[TestResult name=checkoutPage status=SUCCESS method=VerifyProductDetailsInCheckoutPage.checkoutPage()[pri:0, instance:testcases.VerifyProductDetailsInCheckoutPage@4e517165] output={null}]]]>
              </value>
            </param>
          </params>
          <reporter-output>
          </reporter-output>
        </test-method> <!-- testStatus -->
      </class> <!-- testcases.VerifyProductDetailsInCheckoutPage -->
      <class name="testcases.VerifySingleItemOrderType">
        <test-method is-config="true" signature="setUp(java.lang.reflect.Method)[pri:0, instance:testcases.VerifySingleItemOrderType@5860f3d7]" started-at="2023-09-26T15:23:47 IST" name="setUp" finished-at="2023-09-26T15:23:53 IST" duration-ms="5675" status="PASS">
          <params>
            <param index="0">
              <value>
                <![CDATA[public void testcases.VerifySingleItemOrderType.VerifySingleLineMultiQtyOrder()]]>
              </value>
            </param>
          </params>
          <reporter-output>
          </reporter-output>
        </test-method> <!-- setUp -->
        <test-method signature="VerifySingleLineMultiQtyOrder()[pri:0, instance:testcases.VerifySingleItemOrderType@5860f3d7]" started-at="2023-09-26T15:23:53 IST" name="VerifySingleLineMultiQtyOrder" finished-at="2023-09-26T15:23:55 IST" duration-ms="2729" status="PASS">
          <reporter-output>
          </reporter-output>
        </test-method> <!-- VerifySingleLineMultiQtyOrder -->
        <test-method is-config="true" signature="testStatus(org.testng.ITestResult)[pri:0, instance:testcases.VerifySingleItemOrderType@5860f3d7]" started-at="2023-09-26T15:23:55 IST" name="testStatus" finished-at="2023-09-26T15:23:57 IST" duration-ms="1473" status="PASS">
          <params>
            <param index="0">
              <value>
                <![CDATA[[TestResult name=VerifySingleLineMultiQtyOrder status=SUCCESS method=VerifySingleItemOrderType.VerifySingleLineMultiQtyOrder()[pri:0, instance:testcases.VerifySingleItemOrderType@5860f3d7] output={null}]]]>
              </value>
            </param>
          </params>
          <reporter-output>
          </reporter-output>
        </test-method> <!-- testStatus -->
        <test-method is-config="true" signature="setUp(java.lang.reflect.Method)[pri:0, instance:testcases.VerifySingleItemOrderType@5860f3d7]" started-at="2023-09-26T15:23:57 IST" name="setUp" finished-at="2023-09-26T15:24:04 IST" duration-ms="7208" status="PASS">
          <params>
            <param index="0">
              <value>
                <![CDATA[public void testcases.VerifySingleItemOrderType.VerifySingleLineOrder()]]>
              </value>
            </param>
          </params>
          <reporter-output>
          </reporter-output>
        </test-method> <!-- setUp -->
        <test-method signature="VerifySingleLineOrder()[pri:0, instance:testcases.VerifySingleItemOrderType@5860f3d7]" started-at="2023-09-26T15:24:04 IST" name="VerifySingleLineOrder" finished-at="2023-09-26T15:24:06 IST" duration-ms="2404" status="PASS">
          <reporter-output>
          </reporter-output>
        </test-method> <!-- VerifySingleLineOrder -->
        <test-method is-config="true" signature="testStatus(org.testng.ITestResult)[pri:0, instance:testcases.VerifySingleItemOrderType@5860f3d7]" started-at="2023-09-26T15:24:06 IST" name="testStatus" finished-at="2023-09-26T15:24:08 IST" duration-ms="1328" status="PASS">
          <params>
            <param index="0">
              <value>
                <![CDATA[[TestResult name=VerifySingleLineOrder status=SUCCESS method=VerifySingleItemOrderType.VerifySingleLineOrder()[pri:0, instance:testcases.VerifySingleItemOrderType@5860f3d7] output={null}]]]>
              </value>
            </param>
          </params>
          <reporter-output>
          </reporter-output>
        </test-method> <!-- testStatus -->
      </class> <!-- testcases.VerifySingleItemOrderType -->
      <class name="testcases.VerifySearchFuntioanlityOnHomePage">
        <test-method is-config="true" signature="setUp(java.lang.reflect.Method)[pri:0, instance:testcases.VerifySearchFuntioanlityOnHomePage@4ba534b0]" started-at="2023-09-26T15:22:24 IST" name="setUp" finished-at="2023-09-26T15:22:30 IST" duration-ms="6183" status="PASS">
          <params>
            <param index="0">
              <value>
                <![CDATA[public void testcases.VerifySearchFuntioanlityOnHomePage.FailedTestcase_matchingSearchedProduct()]]>
              </value>
            </param>
          </params>
          <reporter-output>
          </reporter-output>
        </test-method> <!-- setUp -->
        <test-method signature="FailedTestcase_matchingSearchedProduct()[pri:0, instance:testcases.VerifySearchFuntioanlityOnHomePage@4ba534b0]" started-at="2023-09-26T15:22:30 IST" name="FailedTestcase_matchingSearchedProduct" finished-at="2023-09-26T15:22:31 IST" duration-ms="1027" status="PASS">
          <reporter-output>
          </reporter-output>
        </test-method> <!-- FailedTestcase_matchingSearchedProduct -->
        <test-method is-config="true" signature="testStatus(org.testng.ITestResult)[pri:0, instance:testcases.VerifySearchFuntioanlityOnHomePage@4ba534b0]" started-at="2023-09-26T15:22:31 IST" name="testStatus" finished-at="2023-09-26T15:22:33 IST" duration-ms="1564" status="PASS">
          <params>
            <param index="0">
              <value>
                <![CDATA[[TestResult name=FailedTestcase_matchingSearchedProduct status=SUCCESS method=VerifySearchFuntioanlityOnHomePage.FailedTestcase_matchingSearchedProduct()[pri:0, instance:testcases.VerifySearchFuntioanlityOnHomePage@4ba534b0] output={null}]]]>
              </value>
            </param>
          </params>
          <reporter-output>
          </reporter-output>
        </test-method> <!-- testStatus -->
        <test-method is-config="true" signature="setUp(java.lang.reflect.Method)[pri:0, instance:testcases.VerifySearchFuntioanlityOnHomePage@4ba534b0]" started-at="2023-09-26T15:22:33 IST" name="setUp" finished-at="2023-09-26T15:22:39 IST" duration-ms="6551" status="PASS">
          <params>
            <param index="0">
              <value>
                <![CDATA[public void testcases.VerifySearchFuntioanlityOnHomePage.matchingSearchedProduct()]]>
              </value>
            </param>
          </params>
          <reporter-output>
          </reporter-output>
        </test-method> <!-- setUp -->
        <test-method signature="matchingSearchedProduct()[pri:0, instance:testcases.VerifySearchFuntioanlityOnHomePage@4ba534b0]" started-at="2023-09-26T15:22:39 IST" name="matchingSearchedProduct" finished-at="2023-09-26T15:22:40 IST" duration-ms="1043" status="PASS">
          <reporter-output>
          </reporter-output>
        </test-method> <!-- matchingSearchedProduct -->
        <test-method is-config="true" signature="testStatus(org.testng.ITestResult)[pri:0, instance:testcases.VerifySearchFuntioanlityOnHomePage@4ba534b0]" started-at="2023-09-26T15:22:40 IST" name="testStatus" finished-at="2023-09-26T15:22:42 IST" duration-ms="1404" status="PASS">
          <params>
            <param index="0">
              <value>
                <![CDATA[[TestResult name=matchingSearchedProduct status=SUCCESS method=VerifySearchFuntioanlityOnHomePage.matchingSearchedProduct()[pri:0, instance:testcases.VerifySearchFuntioanlityOnHomePage@4ba534b0] output={null}]]]>
              </value>
            </param>
          </params>
          <reporter-output>
          </reporter-output>
        </test-method> <!-- testStatus -->
      </class> <!-- testcases.VerifySearchFuntioanlityOnHomePage -->
    </test> <!-- Test -->
  </suite> <!-- Suite -->
</testng-results>
